{"/home/travis/build/npmtest/node-npmtest-jsforce/test.js":{"path":"/home/travis/build/npmtest/node-npmtest-jsforce/test.js","s":{"1":2,"2":2,"3":2,"4":2,"5":2,"6":2,"7":2,"8":1,"9":2,"10":2,"11":1,"12":1,"13":1,"14":1,"15":2,"16":2,"17":2,"18":2,"19":1,"20":1,"21":2,"22":2,"23":2,"24":1,"25":1,"26":1,"27":1,"28":1,"29":1,"30":1,"31":1,"32":1,"33":1,"34":1,"35":1,"36":1,"37":2,"38":2,"39":1,"40":2,"41":2,"42":1,"43":2,"44":2,"45":1,"46":2,"47":2,"48":1,"49":1,"50":1,"51":1,"52":1},"b":{"1":[2,1,1,1],"2":[1,1,1,1],"3":[1,1],"4":[1,1],"5":[1,1],"6":[1,1],"7":[1,1],"8":[1,1],"9":[1,1,1],"10":[1,1],"11":[1,1],"12":[1,1],"13":[1,1],"14":[1,1],"15":[1,1],"16":[1,1]},"f":{"1":2,"2":2,"3":2,"4":2,"5":2,"6":1,"7":1,"8":2,"9":2,"10":2,"11":2,"12":1},"fnMap":{"1":{"name":"(anonymous_1)","line":12,"loc":{"start":{"line":12,"column":1},"end":{"line":12,"column":13}}},"2":{"name":"(anonymous_2)","line":19,"loc":{"start":{"line":19,"column":5},"end":{"line":19,"column":17}}},"3":{"name":"(anonymous_3)","line":23,"loc":{"start":{"line":23,"column":24},"end":{"line":23,"column":36}}},"4":{"name":"(anonymous_4)","line":61,"loc":{"start":{"line":61,"column":5},"end":{"line":61,"column":17}}},"5":{"name":"(anonymous_5)","line":82,"loc":{"start":{"line":82,"column":5},"end":{"line":82,"column":17}}},"6":{"name":"(anonymous_6)","line":102,"loc":{"start":{"line":102,"column":83},"end":{"line":105,"column":10}},"skip":true},"7":{"name":"(anonymous_7)","line":113,"loc":{"start":{"line":113,"column":77},"end":{"line":116,"column":10}},"skip":true},"8":{"name":"(anonymous_8)","line":129,"loc":{"start":{"line":129,"column":12},"end":{"line":129,"column":40}},"skip":true},"9":{"name":"(anonymous_9)","line":137,"loc":{"start":{"line":137,"column":77},"end":{"line":140,"column":10}},"skip":true},"10":{"name":"(anonymous_10)","line":148,"loc":{"start":{"line":148,"column":83},"end":{"line":151,"column":10}},"skip":true},"11":{"name":"(anonymous_11)","line":159,"loc":{"start":{"line":159,"column":79},"end":{"line":162,"column":10}},"skip":true},"12":{"name":"(anonymous_12)","line":170,"loc":{"start":{"line":170,"column":75},"end":{"line":173,"column":10}},"skip":true}},"statementMap":{"1":{"start":{"line":12,"column":0},"end":{"line":185,"column":5}},"2":{"start":{"line":14,"column":4},"end":{"line":14,"column":14}},"3":{"start":{"line":19,"column":4},"end":{"line":56,"column":9}},"4":{"start":{"line":21,"column":8},"end":{"line":21,"column":19}},"5":{"start":{"line":23,"column":8},"end":{"line":35,"column":13}},"6":{"start":{"line":24,"column":12},"end":{"line":34,"column":13}},"7":{"start":{"line":25,"column":16},"end":{"line":28,"column":30}},"8":{"start":{"line":30,"column":16},"end":{"line":33,"column":27}},"9":{"start":{"line":37,"column":8},"end":{"line":39,"column":21}},"10":{"start":{"line":40,"column":8},"end":{"line":53,"column":9}},"11":{"start":{"line":43,"column":12},"end":{"line":46,"column":14}},"12":{"start":{"line":47,"column":12},"end":{"line":47,"column":18}},"13":{"start":{"line":50,"column":12},"end":{"line":51,"column":46}},"14":{"start":{"line":52,"column":12},"end":{"line":52,"column":18}},"15":{"start":{"line":55,"column":8},"end":{"line":55,"column":35}},"16":{"start":{"line":61,"column":4},"end":{"line":63,"column":9}},"17":{"start":{"line":62,"column":8},"end":{"line":62,"column":15}},"18":{"start":{"line":64,"column":4},"end":{"line":77,"column":5}},"19":{"start":{"line":70,"column":8},"end":{"line":70,"column":14}},"20":{"start":{"line":76,"column":8},"end":{"line":76,"column":14}},"21":{"start":{"line":82,"column":4},"end":{"line":84,"column":9}},"22":{"start":{"line":83,"column":8},"end":{"line":83,"column":15}},"23":{"start":{"line":85,"column":4},"end":{"line":184,"column":5}},"24":{"start":{"line":92,"column":8},"end":{"line":94,"column":63}},"25":{"start":{"line":95,"column":8},"end":{"line":95,"column":14}},"26":{"start":{"line":102,"column":8},"end":{"line":111,"column":10},"skip":true},"27":{"start":{"line":109,"column":12},"end":{"line":109,"column":55},"skip":true},"28":{"start":{"line":110,"column":12},"end":{"line":110,"column":48},"skip":true},"29":{"start":{"line":113,"column":8},"end":{"line":126,"column":10},"skip":true},"30":{"start":{"line":120,"column":12},"end":{"line":120,"column":76},"skip":true},"31":{"start":{"line":121,"column":12},"end":{"line":121,"column":73},"skip":true},"32":{"start":{"line":122,"column":12},"end":{"line":122,"column":74},"skip":true},"33":{"start":{"line":123,"column":12},"end":{"line":123,"column":79},"skip":true},"34":{"start":{"line":124,"column":12},"end":{"line":124,"column":25},"skip":true},"35":{"start":{"line":125,"column":12},"end":{"line":125,"column":45},"skip":true},"36":{"start":{"line":128,"column":8},"end":{"line":135,"column":14},"skip":true},"37":{"start":{"line":133,"column":16},"end":{"line":133,"column":29},"skip":true},"38":{"start":{"line":134,"column":16},"end":{"line":134,"column":55},"skip":true},"39":{"start":{"line":137,"column":8},"end":{"line":146,"column":10},"skip":true},"40":{"start":{"line":144,"column":12},"end":{"line":144,"column":25},"skip":true},"41":{"start":{"line":145,"column":12},"end":{"line":145,"column":45},"skip":true},"42":{"start":{"line":148,"column":8},"end":{"line":157,"column":10},"skip":true},"43":{"start":{"line":155,"column":12},"end":{"line":155,"column":25},"skip":true},"44":{"start":{"line":156,"column":12},"end":{"line":156,"column":48},"skip":true},"45":{"start":{"line":159,"column":8},"end":{"line":168,"column":10},"skip":true},"46":{"start":{"line":166,"column":12},"end":{"line":166,"column":25},"skip":true},"47":{"start":{"line":167,"column":12},"end":{"line":167,"column":46},"skip":true},"48":{"start":{"line":170,"column":8},"end":{"line":179,"column":10},"skip":true},"49":{"start":{"line":177,"column":12},"end":{"line":177,"column":94},"skip":true},"50":{"start":{"line":178,"column":12},"end":{"line":178,"column":48},"skip":true},"51":{"start":{"line":182,"column":8},"end":{"line":182,"column":35},"skip":true},"52":{"start":{"line":183,"column":8},"end":{"line":183,"column":14},"skip":true}},"branchMap":{"1":{"line":25,"type":"binary-expr","locations":[{"start":{"line":25,"column":23},"end":{"line":25,"column":62}},{"start":{"line":26,"column":20},"end":{"line":26,"column":70}},{"start":{"line":27,"column":20},"end":{"line":27,"column":71}},{"start":{"line":28,"column":20},"end":{"line":28,"column":29}}]},"2":{"line":30,"type":"binary-expr","locations":[{"start":{"line":30,"column":23},"end":{"line":30,"column":37}},{"start":{"line":31,"column":20},"end":{"line":31,"column":61}},{"start":{"line":32,"column":20},"end":{"line":32,"column":70}},{"start":{"line":33,"column":20},"end":{"line":33,"column":26}}]},"3":{"line":37,"type":"cond-expr","locations":[{"start":{"line":38,"column":14},"end":{"line":38,"column":20}},{"start":{"line":39,"column":14},"end":{"line":39,"column":20}}]},"4":{"line":40,"type":"switch","locations":[{"start":{"line":42,"column":8},"end":{"line":47,"column":18}},{"start":{"line":49,"column":8},"end":{"line":52,"column":18}}]},"5":{"line":44,"type":"binary-expr","locations":[{"start":{"line":44,"column":16},"end":{"line":44,"column":44}},{"start":{"line":44,"column":48},"end":{"line":44,"column":66}}]},"6":{"line":50,"type":"binary-expr","locations":[{"start":{"line":50,"column":21},"end":{"line":50,"column":49}},{"start":{"line":50,"column":53},"end":{"line":50,"column":72}}]},"7":{"line":64,"type":"switch","locations":[{"start":{"line":69,"column":4},"end":{"line":70,"column":14}},{"start":{"line":75,"column":4},"end":{"line":76,"column":14}}]},"8":{"line":85,"type":"switch","locations":[{"start":{"line":90,"column":4},"end":{"line":95,"column":14}},{"start":{"line":101,"column":4},"end":{"line":183,"column":14},"skip":true}]},"9":{"line":92,"type":"binary-expr","locations":[{"start":{"line":92,"column":18},"end":{"line":92,"column":32}},{"start":{"line":93,"column":12},"end":{"line":93,"column":53}},{"start":{"line":94,"column":12},"end":{"line":94,"column":61}}]},"10":{"line":102,"type":"binary-expr","locations":[{"start":{"line":102,"column":45},"end":{"line":102,"column":79},"skip":true},{"start":{"line":102,"column":83},"end":{"line":111,"column":9},"skip":true}]},"11":{"line":113,"type":"binary-expr","locations":[{"start":{"line":113,"column":42},"end":{"line":113,"column":73},"skip":true},{"start":{"line":113,"column":77},"end":{"line":126,"column":9},"skip":true}]},"12":{"line":128,"type":"binary-expr","locations":[{"start":{"line":128,"column":48},"end":{"line":128,"column":85},"skip":true},{"start":{"line":129,"column":12},"end":{"line":135,"column":13},"skip":true}]},"13":{"line":137,"type":"binary-expr","locations":[{"start":{"line":137,"column":42},"end":{"line":137,"column":73},"skip":true},{"start":{"line":137,"column":77},"end":{"line":146,"column":9},"skip":true}]},"14":{"line":148,"type":"binary-expr","locations":[{"start":{"line":148,"column":45},"end":{"line":148,"column":79},"skip":true},{"start":{"line":148,"column":83},"end":{"line":157,"column":9},"skip":true}]},"15":{"line":159,"type":"binary-expr","locations":[{"start":{"line":159,"column":43},"end":{"line":159,"column":75},"skip":true},{"start":{"line":159,"column":79},"end":{"line":168,"column":9},"skip":true}]},"16":{"line":170,"type":"binary-expr","locations":[{"start":{"line":170,"column":41},"end":{"line":170,"column":71},"skip":true},{"start":{"line":170,"column":75},"end":{"line":179,"column":9},"skip":true}]}},"code":["/* istanbul instrument in package npmtest_jsforce */","/*jslint","    bitwise: true,","    browser: true,","    maxerr: 8,","    maxlen: 96,","    node: true,","    nomen: true,","    regexp: true,","    stupid: true","*/","(function () {","    'use strict';","    var local;","","","","    // run shared js-env code - pre-init","    (function () {","        // init local","        local = {};","        // init modeJs","        local.modeJs = (function () {","            try {","                return typeof navigator.userAgent === 'string' &&","                    typeof document.querySelector('body') === 'object' &&","                    typeof XMLHttpRequest.prototype.open === 'function' &&","                    'browser';","            } catch (errorCaughtBrowser) {","                return module.exports &&","                    typeof process.versions.node === 'string' &&","                    typeof require('http').createServer === 'function' &&","                    'node';","            }","        }());","        // init global","        local.global = local.modeJs === 'browser'","            ? window","            : global;","        switch (local.modeJs) {","        // re-init local from window.local","        case 'browser':","            local = local.global.utility2.objectSetDefault(","                local.global.utility2_rollup || local.global.local,","                local.global.utility2","            );","            break;","        // re-init local from example.js","        case 'node':","            local = (local.global.utility2_rollup || require('utility2'))","                .requireExampleJsFromReadme();","            break;","        }","        // export local","        local.global.local = local;","    }());","","","","    // run shared js-env code - function","    (function () {","        return;","    }());","    switch (local.modeJs) {","","","","    // run browser js-env code - function","    case 'browser':","        break;","","","","    // run node js-env code - function","    case 'node':","        break;","    }","","","","    // run shared js-env code - post-init","    (function () {","        return;","    }());","    switch (local.modeJs) {","","","","    // run browser js-env code - post-init","    case 'browser':","        // run tests","        local.nop(local.modeTest &&","            document.querySelector('#testRunButton1') &&","            document.querySelector('#testRunButton1').click());","        break;","","","","    // run node js-env code - post-init","    /* istanbul ignore next */","    case 'node':","        local.testCase_buildApidoc_default = local.testCase_buildApidoc_default || function (","            options,","            onError","        ) {","        /*","         * this function will test buildApidoc's default handling-behavior-behavior","         */","            options = { modulePathList: module.paths };","            local.buildApidoc(options, onError);","        };","","        local.testCase_buildApp_default = local.testCase_buildApp_default || function (","            options,","            onError","        ) {","        /*","         * this function will test buildApp's default handling-behavior-behavior","         */","            local.testCase_buildReadme_default(options, local.onErrorThrow);","            local.testCase_buildLib_default(options, local.onErrorThrow);","            local.testCase_buildTest_default(options, local.onErrorThrow);","            local.testCase_buildCustomOrg_default(options, local.onErrorThrow);","            options = [];","            local.buildApp(options, onError);","        };","","        local.testCase_buildCustomOrg_default = local.testCase_buildCustomOrg_default ||","            function (options, onError) {","            /*","             * this function will test buildCustomOrg's default handling-behavior","             */","                options = {};","                local.buildCustomOrg(options, onError);","            };","","        local.testCase_buildLib_default = local.testCase_buildLib_default || function (","            options,","            onError","        ) {","        /*","         * this function will test buildLib's default handling-behavior","         */","            options = {};","            local.buildLib(options, onError);","        };","","        local.testCase_buildReadme_default = local.testCase_buildReadme_default || function (","            options,","            onError","        ) {","        /*","         * this function will test buildReadme's default handling-behavior-behavior","         */","            options = {};","            local.buildReadme(options, onError);","        };","","        local.testCase_buildTest_default = local.testCase_buildTest_default || function (","            options,","            onError","        ) {","        /*","         * this function will test buildTest's default handling-behavior","         */","            options = {};","            local.buildTest(options, onError);","        };","","        local.testCase_webpage_default = local.testCase_webpage_default || function (","            options,","            onError","        ) {","        /*","         * this function will test webpage's default handling-behavior","         */","            options = { modeCoverageMerge: true, url: local.serverLocalHost + '?modeTest=1' };","            local.browserTest(options, onError);","        };","","        // run test-server","        local.testRunServer(local);","        break;","    }","}());",""],"l":{"12":2,"14":2,"19":2,"21":2,"23":2,"24":2,"25":2,"30":1,"37":2,"40":2,"43":1,"47":1,"50":1,"52":1,"55":2,"61":2,"62":2,"64":2,"70":1,"76":1,"82":2,"83":2,"85":2,"92":1,"95":1,"102":1,"109":1,"110":1,"113":1,"120":1,"121":1,"122":1,"123":1,"124":1,"125":1,"128":1,"133":2,"134":2,"137":1,"144":2,"145":2,"148":1,"155":2,"156":2,"159":1,"166":2,"167":2,"170":1,"177":1,"178":1,"182":1,"183":1}},"/home/travis/build/npmtest/node-npmtest-jsforce/lib.npmtest_jsforce.js":{"path":"/home/travis/build/npmtest/node-npmtest-jsforce/lib.npmtest_jsforce.js","s":{"1":2,"2":2,"3":2,"4":2,"5":2,"6":2,"7":2,"8":1,"9":2,"10":2,"11":2,"12":2,"13":1,"14":1,"15":1,"16":1},"b":{"1":[2,1,1,1],"2":[1,1,1,1],"3":[1,1],"4":[2,2],"5":[1,1]},"f":{"1":2,"2":2,"3":2},"fnMap":{"1":{"name":"(anonymous_1)","line":12,"loc":{"start":{"line":12,"column":1},"end":{"line":12,"column":13}}},"2":{"name":"(anonymous_2)","line":19,"loc":{"start":{"line":19,"column":5},"end":{"line":19,"column":17}}},"3":{"name":"(anonymous_3)","line":23,"loc":{"start":{"line":23,"column":24},"end":{"line":23,"column":36}}}},"statementMap":{"1":{"start":{"line":12,"column":0},"end":{"line":53,"column":5}},"2":{"start":{"line":14,"column":4},"end":{"line":14,"column":14}},"3":{"start":{"line":19,"column":4},"end":{"line":52,"column":9}},"4":{"start":{"line":21,"column":8},"end":{"line":21,"column":19}},"5":{"start":{"line":23,"column":8},"end":{"line":35,"column":13}},"6":{"start":{"line":24,"column":12},"end":{"line":34,"column":13}},"7":{"start":{"line":25,"column":16},"end":{"line":28,"column":30}},"8":{"start":{"line":30,"column":16},"end":{"line":33,"column":27}},"9":{"start":{"line":37,"column":8},"end":{"line":39,"column":21}},"10":{"start":{"line":41,"column":8},"end":{"line":41,"column":54}},"11":{"start":{"line":43,"column":8},"end":{"line":43,"column":52}},"12":{"start":{"line":45,"column":8},"end":{"line":51,"column":9}},"13":{"start":{"line":46,"column":12},"end":{"line":46,"column":58}},"14":{"start":{"line":48,"column":12},"end":{"line":48,"column":35}},"15":{"start":{"line":49,"column":12},"end":{"line":49,"column":49}},"16":{"start":{"line":50,"column":12},"end":{"line":50,"column":43}}},"branchMap":{"1":{"line":25,"type":"binary-expr","locations":[{"start":{"line":25,"column":23},"end":{"line":25,"column":62}},{"start":{"line":26,"column":20},"end":{"line":26,"column":70}},{"start":{"line":27,"column":20},"end":{"line":27,"column":71}},{"start":{"line":28,"column":20},"end":{"line":28,"column":29}}]},"2":{"line":30,"type":"binary-expr","locations":[{"start":{"line":30,"column":23},"end":{"line":30,"column":37}},{"start":{"line":31,"column":20},"end":{"line":31,"column":61}},{"start":{"line":32,"column":20},"end":{"line":32,"column":70}},{"start":{"line":33,"column":20},"end":{"line":33,"column":26}}]},"3":{"line":37,"type":"cond-expr","locations":[{"start":{"line":38,"column":14},"end":{"line":38,"column":20}},{"start":{"line":39,"column":14},"end":{"line":39,"column":20}}]},"4":{"line":41,"type":"binary-expr","locations":[{"start":{"line":41,"column":16},"end":{"line":41,"column":44}},{"start":{"line":41,"column":48},"end":{"line":41,"column":53}}]},"5":{"line":45,"type":"if","locations":[{"start":{"line":45,"column":8},"end":{"line":45,"column":8}},{"start":{"line":45,"column":8},"end":{"line":45,"column":8}}]}},"code":["/* istanbul instrument in package npmtest_jsforce */","/*jslint","    bitwise: true,","    browser: true,","    maxerr: 8,","    maxlen: 96,","    node: true,","    nomen: true,","    regexp: true,","    stupid: true","*/","(function () {","    'use strict';","    var local;","","","","    // run shared js-env code - pre-init","    (function () {","        // init local","        local = {};","        // init modeJs","        local.modeJs = (function () {","            try {","                return typeof navigator.userAgent === 'string' &&","                    typeof document.querySelector('body') === 'object' &&","                    typeof XMLHttpRequest.prototype.open === 'function' &&","                    'browser';","            } catch (errorCaughtBrowser) {","                return module.exports &&","                    typeof process.versions.node === 'string' &&","                    typeof require('http').createServer === 'function' &&","                    'node';","            }","        }());","        // init global","        local.global = local.modeJs === 'browser'","            ? window","            : global;","        // init utility2_rollup","        local = local.global.utility2_rollup || local;","        // init lib","        local.local = local.npmtest_jsforce = local;","        // init exports","        if (local.modeJs === 'browser') {","            local.global.utility2_npmtest_jsforce = local;","        } else {","            module.exports = local;","            module.exports.__dirname = __dirname;","            module.exports.module = module;","        }","    }());","}());",""],"l":{"12":2,"14":2,"19":2,"21":2,"23":2,"24":2,"25":2,"30":1,"37":2,"41":2,"43":2,"45":2,"46":1,"48":1,"49":1,"50":1}},"/home/travis/build/npmtest/node-npmtest-jsforce/example.js":{"path":"/home/travis/build/npmtest/node-npmtest-jsforce/example.js","s":{"1":2,"2":2,"3":2,"4":2,"5":2,"6":2,"7":2,"8":1,"9":2,"10":2,"11":2,"12":2,"13":1,"14":2,"15":2,"16":2,"17":2,"18":2,"19":0,"20":2,"21":1,"22":1,"23":1,"24":1,"25":1,"26":0,"27":0,"28":1,"29":1,"30":2,"31":0,"32":0,"33":0,"34":1,"35":2,"36":2,"37":2,"38":2,"39":2,"40":2,"41":0,"42":2,"43":2,"44":2,"45":1,"46":3,"47":1,"48":1,"49":1,"50":1,"51":1,"52":1,"53":1,"54":1,"55":1,"56":1,"57":0,"58":1,"59":6,"60":6,"61":1,"62":2,"63":0,"64":2,"65":1,"66":1,"67":0,"68":0,"69":0,"70":0,"71":0,"72":0,"73":0,"74":0,"75":0,"76":0,"77":0,"78":0,"79":0,"80":0,"81":0,"82":0,"83":0},"b":{"1":[2,1,1,1],"2":[1,1,1,1],"3":[1,1],"4":[2,2],"5":[1,1],"6":[1,1],"7":[2,0],"8":[2,1,1,1,1,1],"9":[0,2,0],"10":[1,1],"11":[2,1,1],"12":[1,0],"13":[0,2],"14":[2,0,0,0,0,0,0],"15":[0,2],"16":[2,0],"17":[1,1],"18":[0,1],"19":[1,2,0,2],"20":[1,0],"21":[1,1],"22":[0,0],"23":[0,0],"24":[0,0],"25":[0,0],"26":[0,0],"27":[0,0],"28":[0,0]},"f":{"1":2,"2":2,"3":2,"4":2,"5":2,"6":2,"7":2,"8":2,"9":3,"10":1,"11":6,"12":0},"fnMap":{"1":{"name":"(anonymous_1)","line":26,"loc":{"start":{"line":26,"column":1},"end":{"line":26,"column":13}}},"2":{"name":"(anonymous_2)","line":33,"loc":{"start":{"line":33,"column":5},"end":{"line":33,"column":17}}},"3":{"name":"(anonymous_3)","line":37,"loc":{"start":{"line":37,"column":24},"end":{"line":37,"column":36}}},"4":{"name":"(anonymous_4)","line":69,"loc":{"start":{"line":69,"column":31},"end":{"line":69,"column":48}},"skip":true},"5":{"name":"(anonymous_5)","line":78,"loc":{"start":{"line":78,"column":26},"end":{"line":78,"column":45}},"skip":true},"6":{"name":"(anonymous_6)","line":123,"loc":{"start":{"line":123,"column":33},"end":{"line":123,"column":48}},"skip":true},"7":{"name":"(anonymous_7)","line":125,"loc":{"start":{"line":125,"column":27},"end":{"line":125,"column":39}},"skip":true},"8":{"name":"(anonymous_8)","line":133,"loc":{"start":{"line":133,"column":59},"end":{"line":133,"column":74}},"skip":true},"9":{"name":"(anonymous_9)","line":143,"loc":{"start":{"line":143,"column":45},"end":{"line":143,"column":62}},"skip":true},"10":{"name":"(anonymous_10)","line":144,"loc":{"start":{"line":144,"column":73},"end":{"line":144,"column":92}},"skip":true},"11":{"name":"(anonymous_11)","line":272,"loc":{"start":{"line":272,"column":51},"end":{"line":272,"column":77}},"skip":true},"12":{"name":"(anonymous_12)","line":314,"loc":{"start":{"line":314,"column":32},"end":{"line":314,"column":61}},"skip":true}},"statementMap":{"1":{"start":{"line":26,"column":0},"end":{"line":325,"column":5}},"2":{"start":{"line":28,"column":4},"end":{"line":28,"column":14}},"3":{"start":{"line":33,"column":4},"end":{"line":60,"column":9}},"4":{"start":{"line":35,"column":8},"end":{"line":35,"column":19}},"5":{"start":{"line":37,"column":8},"end":{"line":49,"column":13}},"6":{"start":{"line":38,"column":12},"end":{"line":48,"column":13}},"7":{"start":{"line":39,"column":16},"end":{"line":42,"column":30}},"8":{"start":{"line":44,"column":16},"end":{"line":47,"column":27}},"9":{"start":{"line":51,"column":8},"end":{"line":53,"column":21}},"10":{"start":{"line":55,"column":8},"end":{"line":57,"column":45}},"11":{"start":{"line":59,"column":8},"end":{"line":59,"column":35}},"12":{"start":{"line":61,"column":4},"end":{"line":324,"column":5}},"13":{"start":{"line":69,"column":8},"end":{"line":121,"column":10},"skip":true},"14":{"start":{"line":70,"column":12},"end":{"line":88,"column":13},"skip":true},"15":{"start":{"line":76,"column":16},"end":{"line":87,"column":19},"skip":true},"16":{"start":{"line":79,"column":20},"end":{"line":86,"column":21},"skip":true},"17":{"start":{"line":82,"column":24},"end":{"line":82,"column":43},"skip":true},"18":{"start":{"line":83,"column":24},"end":{"line":83,"column":30},"skip":true},"19":{"start":{"line":85,"column":24},"end":{"line":85,"column":49},"skip":true},"20":{"start":{"line":89,"column":12},"end":{"line":107,"column":13},"skip":true},"21":{"start":{"line":92,"column":16},"end":{"line":102,"column":17},"skip":true},"22":{"start":{"line":93,"column":20},"end":{"line":93,"column":86},"skip":true},"23":{"start":{"line":94,"column":20},"end":{"line":95,"column":45},"skip":true},"24":{"start":{"line":96,"column":20},"end":{"line":96,"column":42},"skip":true},"25":{"start":{"line":97,"column":20},"end":{"line":97,"column":48},"skip":true},"26":{"start":{"line":100,"column":20},"end":{"line":100,"column":85},"skip":true},"27":{"start":{"line":101,"column":20},"end":{"line":101,"column":96},"skip":true},"28":{"start":{"line":103,"column":16},"end":{"line":103,"column":22},"skip":true},"29":{"start":{"line":106,"column":16},"end":{"line":106,"column":22},"skip":true},"30":{"start":{"line":108,"column":12},"end":{"line":120,"column":13},"skip":true},"31":{"start":{"line":114,"column":16},"end":{"line":119,"column":17},"skip":true},"32":{"start":{"line":116,"column":20},"end":{"line":116,"column":78},"skip":true},"33":{"start":{"line":118,"column":20},"end":{"line":118,"column":47},"skip":true},"34":{"start":{"line":123,"column":8},"end":{"line":141,"column":11},"skip":true},"35":{"start":{"line":124,"column":12},"end":{"line":124,"column":54},"skip":true},"36":{"start":{"line":125,"column":12},"end":{"line":140,"column":14},"skip":true},"37":{"start":{"line":126,"column":16},"end":{"line":126,"column":28},"skip":true},"38":{"start":{"line":127,"column":16},"end":{"line":127,"column":69},"skip":true},"39":{"start":{"line":128,"column":16},"end":{"line":128,"column":75},"skip":true},"40":{"start":{"line":129,"column":16},"end":{"line":131,"column":17},"skip":true},"41":{"start":{"line":130,"column":20},"end":{"line":130,"column":27},"skip":true},"42":{"start":{"line":133,"column":16},"end":{"line":137,"column":36},"skip":true},"43":{"start":{"line":134,"column":20},"end":{"line":136,"column":55},"skip":true},"44":{"start":{"line":139,"column":16},"end":{"line":139,"column":57},"skip":true},"45":{"start":{"line":143,"column":8},"end":{"line":147,"column":11},"skip":true},"46":{"start":{"line":144,"column":12},"end":{"line":146,"column":15},"skip":true},"47":{"start":{"line":145,"column":16},"end":{"line":145,"column":70},"skip":true},"48":{"start":{"line":149,"column":8},"end":{"line":149,"column":31},"skip":true},"49":{"start":{"line":150,"column":8},"end":{"line":150,"column":14},"skip":true},"50":{"start":{"line":158,"column":8},"end":{"line":158,"column":31},"skip":true},"51":{"start":{"line":160,"column":8},"end":{"line":160,"column":33},"skip":true},"52":{"start":{"line":161,"column":8},"end":{"line":161,"column":37},"skip":true},"53":{"start":{"line":162,"column":8},"end":{"line":162,"column":35},"skip":true},"54":{"start":{"line":164,"column":8},"end":{"line":164,"column":50},"skip":true},"55":{"start":{"line":166,"column":8},"end":{"line":256,"column":2},"skip":true},"56":{"start":{"line":258,"column":8},"end":{"line":286,"column":9},"skip":true},"57":{"start":{"line":259,"column":12},"end":{"line":269,"column":14},"skip":true},"58":{"start":{"line":271,"column":12},"end":{"line":285,"column":19},"skip":true},"59":{"start":{"line":274,"column":20},"end":{"line":274,"column":35},"skip":true},"60":{"start":{"line":275,"column":20},"end":{"line":284,"column":21},"skip":true},"61":{"start":{"line":277,"column":24},"end":{"line":277,"column":64},"skip":true},"62":{"start":{"line":279,"column":24},"end":{"line":279,"column":40},"skip":true},"63":{"start":{"line":281,"column":24},"end":{"line":281,"column":40},"skip":true},"64":{"start":{"line":283,"column":24},"end":{"line":283,"column":39},"skip":true},"65":{"start":{"line":288,"column":8},"end":{"line":290,"column":9},"skip":true},"66":{"start":{"line":289,"column":12},"end":{"line":289,"column":18},"skip":true},"67":{"start":{"line":291,"column":8},"end":{"line":293,"column":54},"skip":true},"68":{"start":{"line":294,"column":8},"end":{"line":301,"column":37},"skip":true},"69":{"start":{"line":302,"column":8},"end":{"line":302,"column":82},"skip":true},"70":{"start":{"line":305,"column":8},"end":{"line":307,"column":9},"skip":true},"71":{"start":{"line":306,"column":12},"end":{"line":306,"column":82},"skip":true},"72":{"start":{"line":309,"column":8},"end":{"line":311,"column":9},"skip":true},"73":{"start":{"line":310,"column":12},"end":{"line":310,"column":18},"skip":true},"74":{"start":{"line":312,"column":8},"end":{"line":312,"column":54},"skip":true},"75":{"start":{"line":313,"column":8},"end":{"line":313,"column":69},"skip":true},"76":{"start":{"line":314,"column":8},"end":{"line":322,"column":36},"skip":true},"77":{"start":{"line":315,"column":12},"end":{"line":315,"column":61},"skip":true},"78":{"start":{"line":316,"column":12},"end":{"line":319,"column":13},"skip":true},"79":{"start":{"line":317,"column":16},"end":{"line":317,"column":75},"skip":true},"80":{"start":{"line":318,"column":16},"end":{"line":318,"column":23},"skip":true},"81":{"start":{"line":320,"column":12},"end":{"line":320,"column":38},"skip":true},"82":{"start":{"line":321,"column":12},"end":{"line":321,"column":27},"skip":true},"83":{"start":{"line":323,"column":8},"end":{"line":323,"column":14},"skip":true}},"branchMap":{"1":{"line":39,"type":"binary-expr","locations":[{"start":{"line":39,"column":23},"end":{"line":39,"column":62}},{"start":{"line":40,"column":20},"end":{"line":40,"column":70}},{"start":{"line":41,"column":20},"end":{"line":41,"column":71}},{"start":{"line":42,"column":20},"end":{"line":42,"column":29}}]},"2":{"line":44,"type":"binary-expr","locations":[{"start":{"line":44,"column":23},"end":{"line":44,"column":37}},{"start":{"line":45,"column":20},"end":{"line":45,"column":61}},{"start":{"line":46,"column":20},"end":{"line":46,"column":70}},{"start":{"line":47,"column":20},"end":{"line":47,"column":26}}]},"3":{"line":51,"type":"cond-expr","locations":[{"start":{"line":52,"column":14},"end":{"line":52,"column":20}},{"start":{"line":53,"column":14},"end":{"line":53,"column":20}}]},"4":{"line":55,"type":"binary-expr","locations":[{"start":{"line":55,"column":16},"end":{"line":55,"column":44}},{"start":{"line":55,"column":49},"end":{"line":57,"column":43}}]},"5":{"line":55,"type":"cond-expr","locations":[{"start":{"line":56,"column":14},"end":{"line":56,"column":51}},{"start":{"line":57,"column":14},"end":{"line":57,"column":43}}]},"6":{"line":61,"type":"switch","locations":[{"start":{"line":68,"column":4},"end":{"line":150,"column":14},"skip":true},{"start":{"line":156,"column":4},"end":{"line":323,"column":14},"skip":true}]},"7":{"line":70,"type":"if","locations":[{"start":{"line":70,"column":12},"end":{"line":70,"column":12},"skip":true},{"start":{"line":70,"column":12},"end":{"line":70,"column":12},"skip":true}]},"8":{"line":70,"type":"binary-expr","locations":[{"start":{"line":70,"column":16},"end":{"line":70,"column":22},"skip":true},{"start":{"line":70,"column":27},"end":{"line":70,"column":32},"skip":true},{"start":{"line":71,"column":20},"end":{"line":71,"column":39},"skip":true},{"start":{"line":72,"column":20},"end":{"line":72,"column":49},"skip":true},{"start":{"line":73,"column":20},"end":{"line":73,"column":58},"skip":true},{"start":{"line":74,"column":20},"end":{"line":74,"column":69},"skip":true}]},"9":{"line":79,"type":"switch","locations":[{"start":{"line":80,"column":20},"end":{"line":80,"column":33},"skip":true},{"start":{"line":81,"column":20},"end":{"line":83,"column":30},"skip":true},{"start":{"line":84,"column":20},"end":{"line":85,"column":49},"skip":true}]},"10":{"line":89,"type":"switch","locations":[{"start":{"line":90,"column":12},"end":{"line":103,"column":22},"skip":true},{"start":{"line":105,"column":12},"end":{"line":106,"column":22},"skip":true}]},"11":{"line":89,"type":"binary-expr","locations":[{"start":{"line":89,"column":20},"end":{"line":89,"column":25},"skip":true},{"start":{"line":89,"column":29},"end":{"line":89,"column":48},"skip":true},{"start":{"line":89,"column":52},"end":{"line":89,"column":74},"skip":true}]},"12":{"line":92,"type":"if","locations":[{"start":{"line":92,"column":16},"end":{"line":92,"column":16},"skip":true},{"start":{"line":92,"column":16},"end":{"line":92,"column":16},"skip":true}]},"13":{"line":108,"type":"if","locations":[{"start":{"line":108,"column":12},"end":{"line":108,"column":12},"skip":true},{"start":{"line":108,"column":12},"end":{"line":108,"column":12},"skip":true}]},"14":{"line":108,"type":"binary-expr","locations":[{"start":{"line":108,"column":16},"end":{"line":108,"column":61},"skip":true},{"start":{"line":108,"column":66},"end":{"line":108,"column":72},"skip":true},{"start":{"line":108,"column":77},"end":{"line":108,"column":82},"skip":true},{"start":{"line":109,"column":20},"end":{"line":109,"column":39},"skip":true},{"start":{"line":110,"column":20},"end":{"line":110,"column":49},"skip":true},{"start":{"line":111,"column":20},"end":{"line":111,"column":58},"skip":true},{"start":{"line":112,"column":20},"end":{"line":112,"column":68},"skip":true}]},"15":{"line":129,"type":"if","locations":[{"start":{"line":129,"column":16},"end":{"line":129,"column":16},"skip":true},{"start":{"line":129,"column":16},"end":{"line":129,"column":16},"skip":true}]},"16":{"line":134,"type":"cond-expr","locations":[{"start":{"line":135,"column":26},"end":{"line":135,"column":29},"skip":true},{"start":{"line":136,"column":26},"end":{"line":136,"column":54},"skip":true}]},"17":{"line":164,"type":"binary-expr","locations":[{"start":{"line":164,"column":27},"end":{"line":164,"column":43},"skip":true},{"start":{"line":164,"column":47},"end":{"line":164,"column":49},"skip":true}]},"18":{"line":258,"type":"if","locations":[{"start":{"line":258,"column":8},"end":{"line":258,"column":8},"skip":true},{"start":{"line":258,"column":8},"end":{"line":258,"column":8},"skip":true}]},"19":{"line":275,"type":"switch","locations":[{"start":{"line":276,"column":20},"end":{"line":277,"column":64},"skip":true},{"start":{"line":278,"column":20},"end":{"line":279,"column":40},"skip":true},{"start":{"line":280,"column":20},"end":{"line":281,"column":40},"skip":true},{"start":{"line":282,"column":20},"end":{"line":283,"column":39},"skip":true}]},"20":{"line":288,"type":"if","locations":[{"start":{"line":288,"column":8},"end":{"line":288,"column":8},"skip":true},{"start":{"line":288,"column":8},"end":{"line":288,"column":8},"skip":true}]},"21":{"line":288,"type":"binary-expr","locations":[{"start":{"line":288,"column":12},"end":{"line":288,"column":40},"skip":true},{"start":{"line":288,"column":44},"end":{"line":288,"column":67},"skip":true}]},"22":{"line":292,"type":"binary-expr","locations":[{"start":{"line":292,"column":12},"end":{"line":292,"column":50},"skip":true},{"start":{"line":293,"column":12},"end":{"line":293,"column":53},"skip":true}]},"23":{"line":295,"type":"binary-expr","locations":[{"start":{"line":295,"column":12},"end":{"line":295,"column":65},"skip":true},{"start":{"line":296,"column":12},"end":{"line":301,"column":36},"skip":true}]},"24":{"line":302,"type":"binary-expr","locations":[{"start":{"line":302,"column":43},"end":{"line":302,"column":75},"skip":true},{"start":{"line":302,"column":79},"end":{"line":302,"column":81},"skip":true}]},"25":{"line":305,"type":"if","locations":[{"start":{"line":305,"column":8},"end":{"line":305,"column":8},"skip":true},{"start":{"line":305,"column":8},"end":{"line":305,"column":8},"skip":true}]},"26":{"line":309,"type":"if","locations":[{"start":{"line":309,"column":8},"end":{"line":309,"column":8},"skip":true},{"start":{"line":309,"column":8},"end":{"line":309,"column":8},"skip":true}]},"27":{"line":312,"type":"binary-expr","locations":[{"start":{"line":312,"column":27},"end":{"line":312,"column":43},"skip":true},{"start":{"line":312,"column":47},"end":{"line":312,"column":53},"skip":true}]},"28":{"line":316,"type":"if","locations":[{"start":{"line":316,"column":12},"end":{"line":316,"column":12},"skip":true},{"start":{"line":316,"column":12},"end":{"line":316,"column":12},"skip":true}]}},"code":["/*","example.js","","quickstart example","","instruction","    1. save this script as example.js","    2. run the shell command:","        $ npm install npmtest-jsforce && PORT=8081 node example.js","    3. play with the browser-demo on http://127.0.0.1:8081","*/","","","","/* istanbul instrument in package npmtest_jsforce */","/*jslint","    bitwise: true,","    browser: true,","    maxerr: 8,","    maxlen: 96,","    node: true,","    nomen: true,","    regexp: true,","    stupid: true","*/","(function () {","    'use strict';","    var local;","","","","    // run shared js-env code - pre-init","    (function () {","        // init local","        local = {};","        // init modeJs","        local.modeJs = (function () {","            try {","                return typeof navigator.userAgent === 'string' &&","                    typeof document.querySelector('body') === 'object' &&","                    typeof XMLHttpRequest.prototype.open === 'function' &&","                    'browser';","            } catch (errorCaughtBrowser) {","                return module.exports &&","                    typeof process.versions.node === 'string' &&","                    typeof require('http').createServer === 'function' &&","                    'node';","            }","        }());","        // init global","        local.global = local.modeJs === 'browser'","            ? window","            : global;","        // init utility2_rollup","        local = local.global.utility2_rollup || (local.modeJs === 'browser'","            ? local.global.utility2_npmtest_jsforce","            : global.utility2_moduleExports);","        // export local","        local.global.local = local;","    }());","    switch (local.modeJs) {","","","","    // post-init","    // run browser js-env code - post-init","    /* istanbul ignore next */","    case 'browser':","        local.testRunBrowser = function (event) {","            if (!event || (event &&","                    event.currentTarget &&","                    event.currentTarget.className &&","                    event.currentTarget.className.includes &&","                    event.currentTarget.className.includes('onreset'))) {","                // reset output","                Array.from(","                    document.querySelectorAll('body > .resettable')","                ).forEach(function (element) {","                    switch (element.tagName) {","                    case 'INPUT':","                    case 'TEXTAREA':","                        element.value = '';","                        break;","                    default:","                        element.textContent = '';","                    }","                });","            }","            switch (event && event.currentTarget && event.currentTarget.id) {","            case 'testRunButton1':","                // show tests","                if (document.querySelector('#testReportDiv1').style.display === 'none') {","                    document.querySelector('#testReportDiv1').style.display = 'block';","                    document.querySelector('#testRunButton1').textContent =","                        'hide internal test';","                    local.modeTest = true;","                    local.testRunDefault(local);","                // hide tests","                } else {","                    document.querySelector('#testReportDiv1').style.display = 'none';","                    document.querySelector('#testRunButton1').textContent = 'run internal test';","                }","                break;","            // custom-case","            default:","                break;","            }","            if (document.querySelector('#inputTextareaEval1') && (!event || (event &&","                    event.currentTarget &&","                    event.currentTarget.className &&","                    event.currentTarget.className.includes &&","                    event.currentTarget.className.includes('oneval')))) {","                // try to eval input-code","                try {","                    /*jslint evil: true*/","                    eval(document.querySelector('#inputTextareaEval1').value);","                } catch (errorCaught) {","                    console.error(errorCaught);","                }","            }","        };","        // log stderr and stdout to #outputTextareaStdout1","        ['error', 'log'].forEach(function (key) {","            console[key + '_original'] = console[key];","            console[key] = function () {","                var element;","                console[key + '_original'].apply(console, arguments);","                element = document.querySelector('#outputTextareaStdout1');","                if (!element) {","                    return;","                }","                // append text to #outputTextareaStdout1","                element.value += Array.from(arguments).map(function (arg) {","                    return typeof arg === 'string'","                        ? arg","                        : JSON.stringify(arg, null, 4);","                }).join(' ') + '\\n';","                // scroll textarea to bottom","                element.scrollTop = element.scrollHeight;","            };","        });","        // init event-handling","        ['change', 'click', 'keyup'].forEach(function (event) {","            Array.from(document.querySelectorAll('.on' + event)).forEach(function (element) {","                element.addEventListener(event, local.testRunBrowser);","            });","        });","        // run tests","        local.testRunBrowser();","        break;","","","","    // run node js-env code - post-init","    /* istanbul ignore next */","    case 'node':","        // export local","        module.exports = local;","        // require modules","        local.fs = require('fs');","        local.http = require('http');","        local.url = require('url');","        // init assets","        local.assetsDict = local.assetsDict || {};","        /* jslint-ignore-begin */","        local.assetsDict['/assets.index.template.html'] = '\\","<!doctype html>\\n\\","<html lang=\"en\">\\n\\","<head>\\n\\","<meta charset=\"UTF-8\">\\n\\","<meta name=\"viewport\" content=\"width=device-width, initial-scale=1\">\\n\\","<title>{{env.npm_package_name}} (v{{env.npm_package_version}})</title>\\n\\","<style>\\n\\","/*csslint\\n\\","    box-sizing: false,\\n\\","    universal-selector: false\\n\\","*/\\n\\","* {\\n\\","    box-sizing: border-box;\\n\\","}\\n\\","body {\\n\\","    background: #dde;\\n\\","    font-family: Arial, Helvetica, sans-serif;\\n\\","    margin: 2rem;\\n\\","}\\n\\","body > * {\\n\\","    margin-bottom: 1rem;\\n\\","}\\n\\",".utility2FooterDiv {\\n\\","    margin-top: 20px;\\n\\","    text-align: center;\\n\\","}\\n\\","</style>\\n\\","<style>\\n\\","/*csslint\\n\\","*/\\n\\","textarea {\\n\\","    font-family: monospace;\\n\\","    height: 10rem;\\n\\","    width: 100%;\\n\\","}\\n\\","textarea[readonly] {\\n\\","    background: #ddd;\\n\\","}\\n\\","</style>\\n\\","</head>\\n\\","<body>\\n\\","<!-- utility2-comment\\n\\","<div id=\"ajaxProgressDiv1\" style=\"background: #d00; height: 2px; left: 0; margin: 0; padding: 0; position: fixed; top: 0; transition: background 0.5s, width 1.5s; width: 25%;\"></div>\\n\\","utility2-comment -->\\n\\","<h1>\\n\\","<!-- utility2-comment\\n\\","    <a\\n\\","        {{#if env.npm_package_homepage}}\\n\\","        href=\"{{env.npm_package_homepage}}\"\\n\\","        {{/if env.npm_package_homepage}}\\n\\","        target=\"_blank\"\\n\\","    >\\n\\","utility2-comment -->\\n\\","        {{env.npm_package_name}} (v{{env.npm_package_version}})\\n\\","<!-- utility2-comment\\n\\","    </a>\\n\\","utility2-comment -->\\n\\","</h1>\\n\\","<h3>{{env.npm_package_description}}</h3>\\n\\","<!-- utility2-comment\\n\\","<h4><a download href=\"assets.app.js\">download standalone app</a></h4>\\n\\","<button class=\"onclick onreset\" id=\"testRunButton1\">run internal test</button><br>\\n\\","<div id=\"testReportDiv1\" style=\"display: none;\"></div>\\n\\","utility2-comment -->\\n\\","\\n\\","\\n\\","\\n\\","<label>stderr and stdout</label>\\n\\","<textarea class=\"resettable\" id=\"outputTextareaStdout1\" readonly></textarea>\\n\\","<!-- utility2-comment\\n\\","{{#if isRollup}}\\n\\","<script src=\"assets.app.js\"></script>\\n\\","{{#unless isRollup}}\\n\\","utility2-comment -->\\n\\","<script src=\"assets.utility2.rollup.js\"></script>\\n\\","<script src=\"jsonp.utility2._stateInit?callback=window.utility2._stateInit\"></script>\\n\\","<script src=\"assets.npmtest_jsforce.rollup.js\"></script>\\n\\","<script src=\"assets.example.js\"></script>\\n\\","<script src=\"assets.test.js\"></script>\\n\\","<!-- utility2-comment\\n\\","{{/if isRollup}}\\n\\","utility2-comment -->\\n\\","<div class=\"utility2FooterDiv\">\\n\\","    [ this app was created with\\n\\","    <a href=\"https://github.com/kaizhu256/node-utility2\" target=\"_blank\">utility2</a>\\n\\","    ]\\n\\","</div>\\n\\","</body>\\n\\","</html>\\n\\","';","        /* jslint-ignore-end */","        if (local.templateRender) {","            local.assetsDict['/'] = local.templateRender(","                local.assetsDict['/assets.index.template.html'],","                {","                    env: local.objectSetDefault(local.env, {","                        npm_package_description: 'the greatest app in the world!',","                        npm_package_name: 'my-app',","                        npm_package_nameAlias: 'my_app',","                        npm_package_version: '0.0.1'","                    })","                }","            );","        } else {","            local.assetsDict['/'] = local.assetsDict['/assets.index.template.html']","                .replace((/\\{\\{env\\.(\\w+?)\\}\\}/g), function (match0, match1) {","                    // jslint-hack","                    String(match0);","                    switch (match1) {","                    case 'npm_package_description':","                        return 'the greatest app in the world!';","                    case 'npm_package_name':","                        return 'my-app';","                    case 'npm_package_nameAlias':","                        return 'my_app';","                    case 'npm_package_version':","                        return '0.0.1';","                    }","                });","        }","        // run the cli","        if (local.global.utility2_rollup || module !== require.main) {","            break;","        }","        local.assetsDict['/assets.example.js'] =","            local.assetsDict['/assets.example.js'] ||","            local.fs.readFileSync(__filename, 'utf8');","        local.assetsDict['/assets.npmtest_jsforce.rollup.js'] =","            local.assetsDict['/assets.npmtest_jsforce.rollup.js'] ||","            local.fs.readFileSync(","                // buildCustomOrg-hack","                local.npmtest_jsforce.__dirname +","                    '/lib.npmtest_jsforce.js',","                'utf8'","            ).replace((/^#!/), '//');","        local.assetsDict['/favicon.ico'] = local.assetsDict['/favicon.ico'] || '';","        // if $npm_config_timeout_exit exists,","        // then exit this process after $npm_config_timeout_exit ms","        if (Number(process.env.npm_config_timeout_exit)) {","            setTimeout(process.exit, Number(process.env.npm_config_timeout_exit));","        }","        // start server","        if (local.global.utility2_serverHttp1) {","            break;","        }","        process.env.PORT = process.env.PORT || '8081';","        console.error('server starting on port ' + process.env.PORT);","        local.http.createServer(function (request, response) {","            request.urlParsed = local.url.parse(request.url);","            if (local.assetsDict[request.urlParsed.pathname] !== undefined) {","                response.end(local.assetsDict[request.urlParsed.pathname]);","                return;","            }","            response.statusCode = 404;","            response.end();","        }).listen(process.env.PORT);","        break;","    }","}());",""],"l":{"26":2,"28":2,"33":2,"35":2,"37":2,"38":2,"39":2,"44":1,"51":2,"55":2,"59":2,"61":2,"69":1,"70":2,"76":2,"79":2,"82":2,"83":2,"85":1,"89":2,"92":1,"93":1,"94":1,"96":1,"97":1,"100":1,"101":1,"103":1,"106":1,"108":2,"114":1,"116":1,"118":1,"123":1,"124":2,"125":2,"126":2,"127":2,"128":2,"129":2,"130":1,"133":2,"134":2,"139":2,"143":1,"144":3,"145":1,"149":1,"150":1,"158":1,"160":1,"161":1,"162":1,"164":1,"166":1,"258":1,"259":1,"271":1,"274":6,"275":6,"277":1,"279":2,"281":1,"283":2,"288":1,"289":1,"291":1,"294":1,"302":1,"305":1,"306":1,"309":1,"310":1,"312":1,"313":1,"314":1,"315":1,"316":1,"317":1,"318":1,"320":1,"321":1,"323":1}},"/home/travis/build/npmtest/node-npmtest-jsforce/node_modules/jsforce/index.js":{"path":"/home/travis/build/npmtest/node-npmtest-jsforce/node_modules/jsforce/index.js","s":{"1":1},"b":{},"f":{},"fnMap":{},"statementMap":{"1":{"start":{"line":1,"column":0},"end":{"line":1,"column":42}}},"branchMap":{},"code":["module.exports = require('./lib/jsforce');",""],"l":{"1":1}},"/home/travis/build/npmtest/node-npmtest-jsforce/node_modules/jsforce/lib/jsforce.js":{"path":"/home/travis/build/npmtest/node-npmtest-jsforce/node_modules/jsforce/lib/jsforce.js","s":{"1":1,"2":1,"3":1},"b":{},"f":{},"fnMap":{},"statementMap":{"1":{"start":{"line":8,"column":0},"end":{"line":8,"column":17}},"2":{"start":{"line":9,"column":0},"end":{"line":9,"column":22}},"3":{"start":{"line":10,"column":0},"end":{"line":10,"column":35}}},"branchMap":{},"code":["/**"," * @file JSforce API root object"," * @author Shinichi Tomita <shinichi.tomita@gmail.com>"," */","","'use strict';","","require('./api');","require('./registry');","module.exports = require('./core');",""],"l":{"8":1,"9":1,"10":1}},"/home/travis/build/npmtest/node-npmtest-jsforce/node_modules/jsforce/lib/api/index.js":{"path":"/home/travis/build/npmtest/node-npmtest-jsforce/node_modules/jsforce/lib/api/index.js","s":{"1":1,"2":1,"3":1,"4":1,"5":1,"6":1,"7":1,"8":1},"b":{},"f":{},"fnMap":{},"statementMap":{"1":{"start":{"line":1,"column":0},"end":{"line":1,"column":23}},"2":{"start":{"line":2,"column":0},"end":{"line":2,"column":18}},"3":{"start":{"line":3,"column":0},"end":{"line":3,"column":18}},"4":{"start":{"line":4,"column":0},"end":{"line":4,"column":21}},"5":{"start":{"line":5,"column":0},"end":{"line":5,"column":22}},"6":{"start":{"line":6,"column":0},"end":{"line":6,"column":18}},"7":{"start":{"line":7,"column":0},"end":{"line":7,"column":23}},"8":{"start":{"line":8,"column":0},"end":{"line":8,"column":21}}},"branchMap":{},"code":["require('./analytics');","require('./apex');","require('./bulk');","require('./chatter');","require('./metadata');","require('./soap');","require('./streaming');","require('./tooling');",""],"l":{"1":1,"2":1,"3":1,"4":1,"5":1,"6":1,"7":1,"8":1}},"/home/travis/build/npmtest/node-npmtest-jsforce/node_modules/jsforce/lib/api/analytics.js":{"path":"/home/travis/build/npmtest/node-npmtest-jsforce/node_modules/jsforce/lib/api/analytics.js","s":{"1":1,"2":1,"3":0,"4":0,"5":0,"6":1,"7":0,"8":0,"9":0,"10":1,"11":0,"12":0,"13":1,"14":0,"15":0,"16":1,"17":0,"18":0,"19":1,"20":0,"21":0,"22":0,"23":0,"24":0,"25":0,"26":0,"27":0,"28":0,"29":0,"30":0,"31":1,"32":0,"33":0,"34":0,"35":0,"36":0,"37":0,"38":0,"39":0,"40":0,"41":0,"42":0,"43":0,"44":1,"45":0,"46":1,"47":0,"48":0,"49":1,"50":0,"51":1,"52":0,"53":1,"54":0,"55":0,"56":1,"57":0,"58":1},"b":{"1":[0,0],"2":[0,0],"3":[0,0],"4":[0,0],"5":[0,0],"6":[0,0],"7":[0,0],"8":[0,0],"9":[0,0]},"f":{"1":0,"2":0,"3":0,"4":0,"5":0,"6":0,"7":0,"8":0,"9":0,"10":0,"11":0,"12":0,"13":0},"fnMap":{"1":{"name":"(anonymous_1)","line":20,"loc":{"start":{"line":20,"column":21},"end":{"line":20,"column":42}}},"2":{"name":"(anonymous_2)","line":33,"loc":{"start":{"line":33,"column":36},"end":{"line":33,"column":55}}},"3":{"name":"(anonymous_3)","line":47,"loc":{"start":{"line":47,"column":13},"end":{"line":47,"column":32}}},"4":{"name":"(anonymous_4)","line":59,"loc":{"start":{"line":59,"column":28},"end":{"line":59,"column":47}}},"5":{"name":"(anonymous_5)","line":71,"loc":{"start":{"line":71,"column":27},"end":{"line":71,"column":46}}},"6":{"name":"(anonymous_6)","line":89,"loc":{"start":{"line":89,"column":27},"end":{"line":89,"column":55}}},"7":{"name":"(anonymous_7)","line":116,"loc":{"start":{"line":116,"column":32},"end":{"line":116,"column":60}}},"8":{"name":"(anonymous_8)","line":141,"loc":{"start":{"line":141,"column":28},"end":{"line":141,"column":41}}},"9":{"name":"(anonymous_9)","line":152,"loc":{"start":{"line":152,"column":29},"end":{"line":152,"column":48}}},"10":{"name":"(anonymous_10)","line":164,"loc":{"start":{"line":164,"column":16},"end":{"line":164,"column":31}}},"11":{"name":"(anonymous_11)","line":174,"loc":{"start":{"line":174,"column":29},"end":{"line":174,"column":42}}},"12":{"name":"(anonymous_12)","line":184,"loc":{"start":{"line":184,"column":30},"end":{"line":184,"column":49}}},"13":{"name":"(anonymous_13)","line":194,"loc":{"start":{"line":194,"column":29},"end":{"line":194,"column":44}}}},"statementMap":{"1":{"start":{"line":8,"column":0},"end":{"line":10,"column":37}},"2":{"start":{"line":20,"column":0},"end":{"line":24,"column":2}},"3":{"start":{"line":21,"column":2},"end":{"line":21,"column":24}},"4":{"start":{"line":22,"column":2},"end":{"line":22,"column":28}},"5":{"start":{"line":23,"column":2},"end":{"line":23,"column":15}},"6":{"start":{"line":33,"column":0},"end":{"line":38,"column":2}},"7":{"start":{"line":34,"column":2},"end":{"line":35,"column":28}},"8":{"start":{"line":36,"column":2},"end":{"line":36,"column":99}},"9":{"start":{"line":37,"column":2},"end":{"line":37,"column":46}},"10":{"start":{"line":47,"column":0},"end":{"line":50,"column":2}},"11":{"start":{"line":48,"column":2},"end":{"line":48,"column":20}},"12":{"start":{"line":49,"column":2},"end":{"line":49,"column":15}},"13":{"start":{"line":59,"column":0},"end":{"line":62,"column":2}},"14":{"start":{"line":60,"column":2},"end":{"line":60,"column":93}},"15":{"start":{"line":61,"column":2},"end":{"line":61,"column":52}},"16":{"start":{"line":71,"column":0},"end":{"line":74,"column":2}},"17":{"start":{"line":72,"column":2},"end":{"line":72,"column":41}},"18":{"start":{"line":73,"column":2},"end":{"line":73,"column":52}},"19":{"start":{"line":87,"column":0},"end":{"line":103,"column":2}},"20":{"start":{"line":90,"column":2},"end":{"line":90,"column":26}},"21":{"start":{"line":91,"column":2},"end":{"line":94,"column":3}},"22":{"start":{"line":92,"column":4},"end":{"line":92,"column":23}},"23":{"start":{"line":93,"column":4},"end":{"line":93,"column":17}},"24":{"start":{"line":95,"column":2},"end":{"line":95,"column":81}},"25":{"start":{"line":96,"column":2},"end":{"line":96,"column":67}},"26":{"start":{"line":97,"column":2},"end":{"line":97,"column":73}},"27":{"start":{"line":98,"column":2},"end":{"line":101,"column":3}},"28":{"start":{"line":99,"column":4},"end":{"line":99,"column":61}},"29":{"start":{"line":100,"column":4},"end":{"line":100,"column":51}},"30":{"start":{"line":102,"column":2},"end":{"line":102,"column":55}},"31":{"start":{"line":116,"column":0},"end":{"line":132,"column":2}},"32":{"start":{"line":117,"column":2},"end":{"line":117,"column":26}},"33":{"start":{"line":118,"column":2},"end":{"line":121,"column":3}},"34":{"start":{"line":119,"column":4},"end":{"line":119,"column":23}},"35":{"start":{"line":120,"column":4},"end":{"line":120,"column":17}},"36":{"start":{"line":122,"column":2},"end":{"line":122,"column":94}},"37":{"start":{"line":123,"column":2},"end":{"line":125,"column":3}},"38":{"start":{"line":124,"column":4},"end":{"line":124,"column":34}},"39":{"start":{"line":126,"column":2},"end":{"line":126,"column":56}},"40":{"start":{"line":127,"column":2},"end":{"line":130,"column":3}},"41":{"start":{"line":128,"column":4},"end":{"line":128,"column":61}},"42":{"start":{"line":129,"column":4},"end":{"line":129,"column":51}},"43":{"start":{"line":131,"column":2},"end":{"line":131,"column":55}},"44":{"start":{"line":141,"column":0},"end":{"line":143,"column":2}},"45":{"start":{"line":142,"column":2},"end":{"line":142,"column":38}},"46":{"start":{"line":152,"column":0},"end":{"line":155,"column":2}},"47":{"start":{"line":153,"column":2},"end":{"line":153,"column":94}},"48":{"start":{"line":154,"column":2},"end":{"line":154,"column":52}},"49":{"start":{"line":164,"column":0},"end":{"line":166,"column":2}},"50":{"start":{"line":165,"column":2},"end":{"line":165,"column":20}},"51":{"start":{"line":174,"column":0},"end":{"line":176,"column":2}},"52":{"start":{"line":175,"column":2},"end":{"line":175,"column":36}},"53":{"start":{"line":184,"column":0},"end":{"line":187,"column":2}},"54":{"start":{"line":185,"column":2},"end":{"line":185,"column":72}},"55":{"start":{"line":186,"column":2},"end":{"line":186,"column":52}},"56":{"start":{"line":194,"column":0},"end":{"line":196,"column":3}},"57":{"start":{"line":195,"column":2},"end":{"line":195,"column":39}},"58":{"start":{"line":199,"column":0},"end":{"line":199,"column":27}}},"branchMap":{"1":{"line":90,"type":"binary-expr","locations":[{"start":{"line":90,"column":12},"end":{"line":90,"column":19}},{"start":{"line":90,"column":23},"end":{"line":90,"column":25}}]},"2":{"line":91,"type":"if","locations":[{"start":{"line":91,"column":2},"end":{"line":91,"column":2}},{"start":{"line":91,"column":2},"end":{"line":91,"column":2}}]},"3":{"line":96,"type":"cond-expr","locations":[{"start":{"line":96,"column":49},"end":{"line":96,"column":55}},{"start":{"line":96,"column":58},"end":{"line":96,"column":65}}]},"4":{"line":97,"type":"cond-expr","locations":[{"start":{"line":97,"column":45},"end":{"line":97,"column":51}},{"start":{"line":97,"column":54},"end":{"line":97,"column":59}}]},"5":{"line":98,"type":"if","locations":[{"start":{"line":98,"column":2},"end":{"line":98,"column":2}},{"start":{"line":98,"column":2},"end":{"line":98,"column":2}}]},"6":{"line":117,"type":"binary-expr","locations":[{"start":{"line":117,"column":12},"end":{"line":117,"column":19}},{"start":{"line":117,"column":23},"end":{"line":117,"column":25}}]},"7":{"line":118,"type":"if","locations":[{"start":{"line":118,"column":2},"end":{"line":118,"column":2}},{"start":{"line":118,"column":2},"end":{"line":118,"column":2}}]},"8":{"line":123,"type":"if","locations":[{"start":{"line":123,"column":2},"end":{"line":123,"column":2}},{"start":{"line":123,"column":2},"end":{"line":123,"column":2}}]},"9":{"line":127,"type":"if","locations":[{"start":{"line":127,"column":2},"end":{"line":127,"column":2}},{"start":{"line":127,"column":2},"end":{"line":127,"column":2}}]}},"code":["/**"," * @file Manages Salesforce Analytics API"," * @author Shinichi Tomita <shinichi.tomita@gmail.com>"," */","","'use strict';","","var _ = require('lodash/core'),","    jsforce = require('../core'),","    Promise  = require('../promise');","","/**"," * Report instance to retrieving asynchronously executed result"," *"," * @protected"," * @class Analytics~ReportInstance"," * @param {Analytics~Report} report - Report"," * @param {String} id - Report instance id"," */","var ReportInstance = function(report, id) {","  this._report = report;","  this._conn = report._conn;","  this.id = id;","};","","/**"," * Retrieve report result asynchronously executed"," *"," * @method Analytics~ReportInstance#retrieve"," * @param {Callback.<Analytics~ReportResult>} [callback] - Callback function"," * @returns {Promise.<Analytics~ReportResult>}"," */","ReportInstance.prototype.retrieve = function(callback) {","  var conn = this._conn,","      report = this._report;","  var url = [ conn._baseUrl(), \"analytics\", \"reports\", report.id, \"instances\", this.id ].join('/');","  return conn.request(url).thenCall(callback);","};","","/**"," * Report object in Analytics API"," *"," * @protected"," * @class Analytics~Report"," * @param {Connection} conn Connection"," */","var Report = function(conn, id) {","  this._conn = conn;","  this.id = id;","};","","/**"," * Describe report metadata"," *"," * @method Analytics~Report#describe"," * @param {Callback.<Analytics~ReportMetadata>} [callback] - Callback function"," * @returns {Promise.<Analytics~ReportMetadata>}"," */","Report.prototype.describe = function(callback) {","  var url = [ this._conn._baseUrl(), \"analytics\", \"reports\", this.id, \"describe\" ].join('/');","  return this._conn.request(url).thenCall(callback);","};","","/**"," * Explain plan for executing report"," *"," * @method Analytics~Report#explain"," * @param {Callback.<ExplainInfo>} [callback] - Callback function"," * @returns {Promise.<ExplainInfo>}"," */","Report.prototype.explain = function(callback) {","  var url = \"/query/?explain=\" + this.id;","  return this._conn.request(url).thenCall(callback);","};","","","/**"," * Run report synchronously"," *"," * @method Analytics~Report#execute"," * @param {Object} [options] - Options"," * @param {Boolean} options.details - Flag if include detail in result"," * @param {Analytics~ReportMetadata} options.metadata - Overriding report metadata"," * @param {Callback.<Analytics~ReportResult>} [callback] - Callback function"," * @returns {Promise.<Analytics~ReportResult>}"," */","Report.prototype.run =","Report.prototype.exec =","Report.prototype.execute = function(options, callback) {","  options = options || {};","  if (_.isFunction(options)) {","    callback = options;","    options = {};","  }","  var url = [ this._conn._baseUrl(), \"analytics\", \"reports\", this.id ].join('/');","  url += \"?includeDetails=\" + (options.details ? \"true\" : \"false\");","  var params = { method : options.metadata ? 'POST' : 'GET', url : url };","  if (options.metadata) {","    params.headers = { \"Content-Type\" : \"application/json\" };","    params.body = JSON.stringify(options.metadata);","  }","  return this._conn.request(params).thenCall(callback);","};","","","/**"," * Run report asynchronously"," *"," * @method Analytics~Report#executeAsync"," * @param {Object} [options] - Options"," * @param {Boolean} options.details - Flag if include detail in result"," * @param {Analytics~ReportMetadata} options.metadata - Overriding report metadata"," * @param {Callback.<Analytics~ReportInstanceAttrs>} [callback] - Callback function"," * @returns {Promise.<Analytics~ReportInstanceAttrs>}"," */","Report.prototype.executeAsync = function(options, callback) {","  options = options || {};","  if (_.isFunction(options)) {","    callback = options;","    options = {};","  }","  var url = [ this._conn._baseUrl(), \"analytics\", \"reports\", this.id, \"instances\" ].join('/');","  if (options.details) {","    url += \"?includeDetails=true\";","  }","  var params = { method : 'POST', url : url, body: \"\" };","  if (options.metadata) {","    params.headers = { \"Content-Type\" : \"application/json\" };","    params.body = JSON.stringify(options.metadata);","  }","  return this._conn.request(params).thenCall(callback);","};","","/**"," * Get report instance for specified instance ID"," *"," * @method Analytics~Report#instance"," * @param {String} id - Report instance ID"," * @returns {Analytics~ReportInstance}"," */","Report.prototype.instance = function(id) {","  return new ReportInstance(this, id);","};","","/**"," * List report instances which had been executed asynchronously"," *"," * @method Analytics~Report#instances"," * @param {Callback.<Array.<Analytics~ReportInstanceAttrs>>} [callback] - Callback function"," * @returns {Promise.<Array.<Analytics~ReportInstanceAttrs>>}"," */","Report.prototype.instances = function(callback) {","  var url = [ this._conn._baseUrl(), \"analytics\", \"reports\", this.id, \"instances\" ].join('/');","  return this._conn.request(url).thenCall(callback);","};","","","/**"," * API class for Analytics API"," *"," * @class"," * @param {Connection} conn Connection"," */","var Analytics = function(conn) {","  this._conn = conn;","};","","/**"," * Get report object of Analytics API"," *"," * @param {String} id - Report Id"," * @returns {Analytics~Report}"," */","Analytics.prototype.report = function(id) {","  return new Report(this._conn, id);","};","","/**"," * Get recent report list"," *"," * @param {Callback.<Array.<Analytics~ReportInfo>>} [callback] - Callback function"," * @returns {Promise.<Array.<Analytics~ReportInfo>>}"," */","Analytics.prototype.reports = function(callback) {","  var url = [ this._conn._baseUrl(), \"analytics\", \"reports\" ].join('/');","  return this._conn.request(url).thenCall(callback);","};","","","/*--------------------------------------------*/","/*"," * Register hook in connection instantiation for dynamically adding this API module features"," */","jsforce.on('connection:new', function(conn) {","  conn.analytics = new Analytics(conn);","});","","","module.exports = Analytics;",""],"l":{"8":1,"20":1,"21":0,"22":0,"23":0,"33":1,"34":0,"36":0,"37":0,"47":1,"48":0,"49":0,"59":1,"60":0,"61":0,"71":1,"72":0,"73":0,"87":1,"90":0,"91":0,"92":0,"93":0,"95":0,"96":0,"97":0,"98":0,"99":0,"100":0,"102":0,"116":1,"117":0,"118":0,"119":0,"120":0,"122":0,"123":0,"124":0,"126":0,"127":0,"128":0,"129":0,"131":0,"141":1,"142":0,"152":1,"153":0,"154":0,"164":1,"165":0,"174":1,"175":0,"184":1,"185":0,"186":0,"194":1,"195":0,"199":1}},"/home/travis/build/npmtest/node-npmtest-jsforce/node_modules/jsforce/lib/core.js":{"path":"/home/travis/build/npmtest/node-npmtest-jsforce/node_modules/jsforce/lib/core.js","s":{"1":1,"2":1,"3":1,"4":1,"5":1,"6":1,"7":1,"8":1,"9":1},"b":{},"f":{},"fnMap":{},"statementMap":{"1":{"start":{"line":7,"column":0},"end":{"line":7,"column":50}},"2":{"start":{"line":9,"column":0},"end":{"line":9,"column":50}},"3":{"start":{"line":10,"column":0},"end":{"line":10,"column":39}},"4":{"start":{"line":11,"column":0},"end":{"line":11,"column":45}},"5":{"start":{"line":12,"column":0},"end":{"line":12,"column":37}},"6":{"start":{"line":13,"column":0},"end":{"line":13,"column":50}},"7":{"start":{"line":14,"column":0},"end":{"line":14,"column":50}},"8":{"start":{"line":15,"column":0},"end":{"line":15,"column":39}},"9":{"start":{"line":16,"column":0},"end":{"line":16,"column":39}}},"branchMap":{},"code":["/**"," * @file JSforce Core"," * @author Shinichi Tomita <shinichi.tomita@gmail.com>"," */","'use strict';","","var EventEmitter = require('events').EventEmitter;","","var jsforce = module.exports = new EventEmitter();","jsforce.VERSION = require('./VERSION');","jsforce.Connection = require('./connection');","jsforce.OAuth2 = require('./oauth2');","jsforce.Date = jsforce.SfDate = require(\"./date\");","jsforce.RecordStream = require('./record-stream');","jsforce.Promise = require('./promise');","jsforce.require = require('./require');",""],"l":{"7":1,"9":1,"10":1,"11":1,"12":1,"13":1,"14":1,"15":1,"16":1}},"/home/travis/build/npmtest/node-npmtest-jsforce/node_modules/jsforce/lib/VERSION.js":{"path":"/home/travis/build/npmtest/node-npmtest-jsforce/node_modules/jsforce/lib/VERSION.js","s":{"1":1},"b":{},"f":{},"fnMap":{},"statementMap":{"1":{"start":{"line":2,"column":0},"end":{"line":2,"column":25}}},"branchMap":{},"code":["'use strict';","module.exports = '1.7.1';",""],"l":{"2":1}},"/home/travis/build/npmtest/node-npmtest-jsforce/node_modules/jsforce/lib/connection.js":{"path":"/home/travis/build/npmtest/node-npmtest-jsforce/node_modules/jsforce/lib/connection.js","s":{"1":1,"2":1,"3":1,"4":0,"5":0,"6":0,"7":0,"8":0,"9":0,"10":0,"11":0,"12":0,"13":0,"14":0,"15":0,"16":0,"17":0,"18":0,"19":0,"20":0,"21":0,"22":0,"23":0,"24":0,"25":0,"26":0,"27":0,"28":0,"29":0,"30":0,"31":0,"32":0,"33":1,"34":1,"35":0,"36":0,"37":0,"38":0,"39":0,"40":0,"41":0,"42":0,"43":0,"44":0,"45":0,"46":0,"47":0,"48":0,"49":0,"50":0,"51":0,"52":0,"53":0,"54":0,"55":0,"56":0,"57":0,"58":0,"59":0,"60":1,"61":0,"62":0,"63":0,"64":0,"65":0,"66":0,"67":1,"68":0,"69":0,"70":0,"71":0,"72":0,"73":0,"74":0,"75":0,"76":1,"77":0,"78":1,"79":0,"80":0,"81":0,"82":0,"83":0,"84":1,"85":0,"86":0,"87":0,"88":0,"89":0,"90":0,"91":0,"92":0,"93":0,"94":0,"95":0,"96":0,"97":0,"98":0,"99":0,"100":1,"101":0,"102":0,"103":1,"104":0,"105":0,"106":1,"107":0,"108":0,"109":1,"110":0,"111":0,"112":1,"113":0,"114":0,"115":1,"116":1,"117":0,"118":0,"119":0,"120":0,"121":1,"122":0,"123":0,"124":0,"125":1,"126":0,"127":0,"128":0,"129":0,"130":0,"131":0,"132":0,"133":1,"134":0,"135":0,"136":0,"137":0,"138":0,"139":0,"140":0,"141":0,"142":1,"143":0,"144":0,"145":0,"146":0,"147":0,"148":0,"149":0,"150":1,"151":0,"152":0,"153":0,"154":0,"155":0,"156":0,"157":0,"158":0,"159":0,"160":0,"161":0,"162":0,"163":0,"164":0,"165":0,"166":1,"167":0,"168":0,"169":0,"170":0,"171":0,"172":0,"173":0,"174":0,"175":0,"176":0,"177":0,"178":0,"179":0,"180":0,"181":0,"182":0,"183":0,"184":0,"185":0,"186":0,"187":0,"188":0,"189":0,"190":0,"191":0,"192":1,"193":0,"194":0,"195":0,"196":0,"197":0,"198":0,"199":0,"200":0,"201":0,"202":0,"203":0,"204":0,"205":0,"206":0,"207":0,"208":0,"209":0,"210":0,"211":0,"212":0,"213":0,"214":0,"215":0,"216":0,"217":0,"218":0,"219":0,"220":0,"221":1,"222":0,"223":0,"224":0,"225":0,"226":0,"227":0,"228":0,"229":0,"230":0,"231":0,"232":0,"233":0,"234":0,"235":0,"236":0,"237":0,"238":0,"239":0,"240":0,"241":0,"242":0,"243":0,"244":0,"245":0,"246":0,"247":0,"248":0,"249":1,"250":0,"251":0,"252":0,"253":0,"254":0,"255":0,"256":0,"257":0,"258":0,"259":0,"260":0,"261":0,"262":0,"263":1,"264":0,"265":0,"266":1,"267":0,"268":0,"269":1,"270":0,"271":0,"272":1,"273":0,"274":0,"275":0,"276":1,"277":0,"278":0,"279":0,"280":0,"281":0,"282":0,"283":0,"284":0,"285":0,"286":0,"287":0,"288":0,"289":0,"290":1,"291":0,"292":0,"293":0,"294":0,"295":0,"296":0,"297":0,"298":0,"299":1,"300":0,"301":0,"302":0,"303":0,"304":1,"305":0,"306":0,"307":0,"308":0,"309":0,"310":1,"311":0,"312":0,"313":0,"314":0,"315":0,"316":0,"317":0,"318":0,"319":1,"320":0,"321":1,"322":0,"323":0,"324":0,"325":0,"326":0,"327":0,"328":0,"329":0,"330":0,"331":0,"332":0,"333":0,"334":0,"335":0,"336":0,"337":0,"338":0,"339":0,"340":0,"341":0,"342":0,"343":0,"344":0,"345":0,"346":0,"347":1,"348":0,"349":0,"350":0,"351":1,"352":0,"353":0,"354":0,"355":0,"356":0,"357":0,"358":0,"359":0,"360":0,"361":1,"362":0,"363":0,"364":0,"365":0,"366":0,"367":0,"368":0,"369":0,"370":0,"371":0,"372":0,"373":0,"374":0,"375":0,"376":0,"377":1,"378":0,"379":0,"380":0,"381":0,"382":0,"383":0,"384":0,"385":0,"386":0,"387":0,"388":0,"389":0,"390":0,"391":0,"392":0,"393":0,"394":1,"395":0,"396":0,"397":0,"398":0,"399":0,"400":0,"401":0,"402":0,"403":0,"404":0,"405":0,"406":0,"407":0,"408":0,"409":1,"410":0,"411":0,"412":0,"413":0,"414":0,"415":0,"416":0,"417":0,"418":0,"419":0,"420":0,"421":0,"422":0,"423":0,"424":1,"425":0,"426":0,"427":1,"428":0,"429":0,"430":1,"431":0,"432":0,"433":1,"434":0,"435":1,"436":0},"b":{"1":[0,0],"2":[0,0],"3":[0,0],"4":[0,0,0],"5":[0,0],"6":[0,0,0],"7":[0,0],"8":[0,0],"9":[0,0,0],"10":[0,0],"11":[0,0],"12":[0,0],"13":[0,0],"14":[0,0,0,0],"15":[0,0,0],"16":[0,0],"17":[0,0],"18":[0,0],"19":[0,0],"20":[0,0],"21":[0,0],"22":[0,0],"23":[0,0],"24":[0,0],"25":[0,0],"26":[0,0],"27":[0,0],"28":[0,0],"29":[0,0],"30":[0,0],"31":[0,0],"32":[0,0],"33":[0,0],"34":[0,0],"35":[0,0],"36":[0,0],"37":[0,0],"38":[0,0],"39":[0,0],"40":[0,0],"41":[0,0],"42":[0,0],"43":[0,0],"44":[0,0],"45":[0,0],"46":[0,0],"47":[0,0],"48":[0,0],"49":[0,0],"50":[0,0],"51":[0,0],"52":[0,0],"53":[0,0],"54":[0,0],"55":[0,0],"56":[0,0,0,0],"57":[0,0],"58":[0,0],"59":[0,0],"60":[0,0],"61":[0,0],"62":[0,0],"63":[0,0],"64":[0,0],"65":[0,0],"66":[0,0],"67":[0,0,0,0],"68":[0,0],"69":[0,0],"70":[0,0],"71":[0,0],"72":[0,0],"73":[0,0],"74":[0,0],"75":[0,0],"76":[0,0],"77":[0,0,0,0],"78":[0,0],"79":[0,0],"80":[0,0],"81":[0,0],"82":[0,0],"83":[0,0],"84":[0,0],"85":[0,0],"86":[0,0],"87":[0,0],"88":[0,0],"89":[0,0],"90":[0,0],"91":[0,0],"92":[0,0],"93":[0,0],"94":[0,0],"95":[0,0],"96":[0,0],"97":[0,0,0],"98":[0,0],"99":[0,0],"100":[0,0],"101":[0,0],"102":[0,0],"103":[0,0],"104":[0,0],"105":[0,0],"106":[0,0],"107":[0,0],"108":[0,0],"109":[0,0],"110":[0,0],"111":[0,0],"112":[0,0],"113":[0,0],"114":[0,0],"115":[0,0],"116":[0,0],"117":[0,0],"118":[0,0],"119":[0,0],"120":[0,0],"121":[0,0],"122":[0,0],"123":[0,0],"124":[0,0],"125":[0,0],"126":[0,0],"127":[0,0]},"f":{"1":0,"2":0,"3":0,"4":0,"5":0,"6":0,"7":0,"8":0,"9":0,"10":0,"11":0,"12":0,"13":0,"14":0,"15":0,"16":0,"17":0,"18":0,"19":0,"20":0,"21":0,"22":0,"23":0,"24":0,"25":0,"26":0,"27":0,"28":0,"29":0,"30":0,"31":0,"32":0,"33":0,"34":0,"35":0,"36":0,"37":0,"38":0,"39":0,"40":0,"41":0,"42":0,"43":0,"44":0,"45":0,"46":0,"47":0,"48":0,"49":0,"50":0,"51":0,"52":0,"53":0,"54":0,"55":0,"56":0,"57":0,"58":0,"59":0,"60":0,"61":0,"62":0,"63":0,"64":0,"65":0,"66":0,"67":0,"68":0,"69":0,"70":0},"fnMap":{"1":{"name":"(anonymous_1)","line":49,"loc":{"start":{"line":49,"column":34},"end":{"line":49,"column":52}}},"2":{"name":"(anonymous_2)","line":149,"loc":{"start":{"line":149,"column":9},"end":{"line":149,"column":24}}},"3":{"name":"(anonymous_3)","line":178,"loc":{"start":{"line":178,"column":34},"end":{"line":178,"column":52}}},"4":{"name":"(anonymous_4)","line":206,"loc":{"start":{"line":206,"column":54},"end":{"line":206,"column":68}}},"5":{"name":"(anonymous_5)","line":208,"loc":{"start":{"line":208,"column":45},"end":{"line":208,"column":58}}},"6":{"name":"oauthRefreshFn","line":222,"loc":{"start":{"line":222,"column":0},"end":{"line":222,"column":40}}},"7":{"name":"(anonymous_7)","line":223,"loc":{"start":{"line":223,"column":46},"end":{"line":223,"column":65}}},"8":{"name":"parseSignedRequest","line":236,"loc":{"start":{"line":236,"column":0},"end":{"line":236,"column":32}}},"9":{"name":"(anonymous_9)","line":252,"loc":{"start":{"line":252,"column":32},"end":{"line":252,"column":43}}},"10":{"name":"(anonymous_10)","line":260,"loc":{"start":{"line":260,"column":37},"end":{"line":260,"column":51}}},"11":{"name":"(anonymous_11)","line":287,"loc":{"start":{"line":287,"column":31},"end":{"line":287,"column":68}}},"12":{"name":"(anonymous_12)","line":305,"loc":{"start":{"line":305,"column":25},"end":{"line":305,"column":44}}},"13":{"name":"(anonymous_13)","line":333,"loc":{"start":{"line":333,"column":34},"end":{"line":333,"column":67}}},"14":{"name":"(anonymous_14)","line":355,"loc":{"start":{"line":355,"column":35},"end":{"line":355,"column":74}}},"15":{"name":"(anonymous_15)","line":378,"loc":{"start":{"line":378,"column":34},"end":{"line":378,"column":73}}},"16":{"name":"(anonymous_16)","line":401,"loc":{"start":{"line":401,"column":36},"end":{"line":401,"column":75}}},"17":{"name":"(anonymous_17)","line":423,"loc":{"start":{"line":423,"column":37},"end":{"line":423,"column":70}}},"18":{"name":"formatDate","line":433,"loc":{"start":{"line":433,"column":0},"end":{"line":433,"column":26}}},"19":{"name":"pad","line":434,"loc":{"start":{"line":434,"column":2},"end":{"line":434,"column":23}}},"20":{"name":"parseIdUrl","line":452,"loc":{"start":{"line":452,"column":0},"end":{"line":452,"column":27}}},"21":{"name":"(anonymous_21)","line":487,"loc":{"start":{"line":487,"column":29},"end":{"line":487,"column":63}}},"22":{"name":"(anonymous_22)","line":508,"loc":{"start":{"line":508,"column":32},"end":{"line":508,"column":66}}},"23":{"name":"(anonymous_23)","line":530,"loc":{"start":{"line":530,"column":33},"end":{"line":530,"column":70}}},"24":{"name":"(anonymous_24)","line":551,"loc":{"start":{"line":551,"column":32},"end":{"line":551,"column":71}}},"25":{"name":"(anonymous_25)","line":564,"loc":{"start":{"line":564,"column":15},"end":{"line":564,"column":28}}},"26":{"name":"(anonymous_26)","line":569,"loc":{"start":{"line":569,"column":9},"end":{"line":569,"column":27}}},"27":{"name":"(anonymous_27)","line":602,"loc":{"start":{"line":602,"column":30},"end":{"line":602,"column":73}}},"28":{"name":"(anonymous_28)","line":622,"loc":{"start":{"line":622,"column":19},"end":{"line":622,"column":36}}},"29":{"name":"(anonymous_29)","line":642,"loc":{"start":{"line":642,"column":9},"end":{"line":642,"column":27}}},"30":{"name":"(anonymous_30)","line":656,"loc":{"start":{"line":656,"column":30},"end":{"line":656,"column":73}}},"31":{"name":"(anonymous_31)","line":676,"loc":{"start":{"line":676,"column":19},"end":{"line":676,"column":36}}},"32":{"name":"(anonymous_32)","line":702,"loc":{"start":{"line":702,"column":9},"end":{"line":702,"column":27}}},"33":{"name":"(anonymous_33)","line":717,"loc":{"start":{"line":717,"column":30},"end":{"line":717,"column":85}}},"34":{"name":"(anonymous_34)","line":739,"loc":{"start":{"line":739,"column":19},"end":{"line":739,"column":36}}},"35":{"name":"(anonymous_35)","line":762,"loc":{"start":{"line":762,"column":9},"end":{"line":762,"column":27}}},"36":{"name":"(anonymous_36)","line":799,"loc":{"start":{"line":799,"column":31},"end":{"line":799,"column":70}}},"37":{"name":"(anonymous_37)","line":812,"loc":{"start":{"line":812,"column":15},"end":{"line":812,"column":28}}},"38":{"name":"(anonymous_38)","line":822,"loc":{"start":{"line":822,"column":9},"end":{"line":822,"column":27}}},"39":{"name":"(anonymous_39)","line":834,"loc":{"start":{"line":834,"column":30},"end":{"line":834,"column":55}}},"40":{"name":"(anonymous_40)","line":861,"loc":{"start":{"line":861,"column":39},"end":{"line":861,"column":64}}},"41":{"name":"(anonymous_41)","line":878,"loc":{"start":{"line":878,"column":38},"end":{"line":878,"column":57}}},"42":{"name":"(anonymous_42)","line":890,"loc":{"start":{"line":890,"column":31},"end":{"line":890,"column":46}}},"43":{"name":"(anonymous_43)","line":905,"loc":{"start":{"line":905,"column":32},"end":{"line":905,"column":60}}},"44":{"name":"(anonymous_44)","line":917,"loc":{"start":{"line":917,"column":9},"end":{"line":917,"column":23}}},"45":{"name":"(anonymous_45)","line":924,"loc":{"start":{"line":924,"column":10},"end":{"line":924,"column":24}}},"46":{"name":"(anonymous_46)","line":948,"loc":{"start":{"line":948,"column":33},"end":{"line":948,"column":58}}},"47":{"name":"(anonymous_47)","line":952,"loc":{"start":{"line":952,"column":45},"end":{"line":952,"column":59}}},"48":{"name":"(anonymous_48)","line":977,"loc":{"start":{"line":977,"column":29},"end":{"line":977,"column":68}}},"49":{"name":"createUsernamePasswordRefreshFn","line":988,"loc":{"start":{"line":988,"column":0},"end":{"line":988,"column":61}}},"50":{"name":"(anonymous_50)","line":989,"loc":{"start":{"line":989,"column":9},"end":{"line":989,"column":34}}},"51":{"name":"(anonymous_51)","line":990,"loc":{"start":{"line":990,"column":35},"end":{"line":990,"column":49}}},"52":{"name":"(anonymous_52)","line":1005,"loc":{"start":{"line":1005,"column":37},"end":{"line":1005,"column":76}}},"53":{"name":"(anonymous_53)","line":1008,"loc":{"start":{"line":1008,"column":59},"end":{"line":1008,"column":73}}},"54":{"name":"esc","line":1026,"loc":{"start":{"line":1026,"column":0},"end":{"line":1026,"column":18}}},"55":{"name":"(anonymous_55)","line":1039,"loc":{"start":{"line":1039,"column":35},"end":{"line":1039,"column":74}}},"56":{"name":"(anonymous_56)","line":1064,"loc":{"start":{"line":1064,"column":10},"end":{"line":1064,"column":29}}},"57":{"name":"(anonymous_57)","line":1105,"loc":{"start":{"line":1105,"column":30},"end":{"line":1105,"column":49}}},"58":{"name":"(anonymous_58)","line":1119,"loc":{"start":{"line":1119,"column":38},"end":{"line":1119,"column":57}}},"59":{"name":"(anonymous_59)","line":1123,"loc":{"start":{"line":1123,"column":56},"end":{"line":1123,"column":67}}},"60":{"name":"(anonymous_60)","line":1143,"loc":{"start":{"line":1143,"column":36},"end":{"line":1143,"column":55}}},"61":{"name":"(anonymous_61)","line":1168,"loc":{"st
[...]
ack function"," * @returns {Promise.<Tooling~ExecuteAnonymousResult>}"," */","Tooling.prototype.executeAnonymous = function(body, callback) {","  var url = this._baseUrl() + \"/executeAnonymous?anonymousBody=\" + encodeURIComponent(body);","  return this.request(url).thenCall(callback);","};","","/**"," * Executes Apex tests asynchronously"," *"," * @param {Array.<String>} classids - Comma separated list of class IDs"," * @param {Callback.<Tooling~ExecuteAnonymousResult>} [callback] - Callback function"," * @returns {Promise.<Tooling~ExecuteAnonymousResult>}"," */","Tooling.prototype.runTestsAsynchronous = function(classids, callback) {","  var url = this._baseUrl() + \"/runTestsAsynchronous/\";","  return this._conn.requestPost(url, {classids : classids.join(',')}, undefined, callback);","};","","/**"," * Executes Apex tests synchronously"," *"," * @param {Array.<String>} classnames - Comma separated list of class Names"," * @param {Callback.<Tooling~ExecuteAnonymousResult>} [callback] - Callback function"," * @returns {Promise.<Tooling~ExecuteAnonymousResult>}"," */","Tooling.prototype.runTestsSynchronous = function(classnames, callback) {","  var url = this._baseUrl() + \"/runTestsSynchronous/\";","  return this._conn.requestPost(url, {classnames : classnames.join(',')}, undefined, callback);","};","","/**"," * @typedef {Object} Tooling~CompletionsResult"," * @prop {Object} publicDeclarations"," */","/**"," * Retrieves available code completions of the referenced type"," *"," * @param {String} [type] - completion type (default 'apex')"," * @param {Callback.<Tooling~CompletionsResult>} [callback] - Callback function"," * @returns {Promise.<Tooling~CompletionsResult>}"," */","Tooling.prototype.completions = function(type, callback) {","  if (!_.isString(type)) {","    callback = type;","    type = 'apex';","  }","  var url = this._baseUrl() + \"/completions?type=\" + encodeURIComponent(type);","  return this.request(url).thenCall(callback);","};","","","/*--------------------------------------------*/","/*"," * Register hook in connection instantiation for dynamically adding this API module features"," */","jsforce.on('connection:new', function(conn) {","  conn.tooling = new Tooling(conn);","});","","","module.exports = Tooling;",""],"l":{"8":1,"18":1,"19":0,"20":0,"21":0,"36":0,"37":0,"40":0,"42":0,"43":0,"45":0,"46":0,"47":0,"48":0,"50":0,"51":0,"52":0,"54":0,"61":1,"62":0,"63":0,"64":0,"65":0,"66":0,"67":0,"75":1,"76":0,"82":1,"83":0,"229":1,"230":0,"231":0,"241":1,"242":0,"243":0,"253":1,"254":0,"255":0,"269":1,"270":0,"271":0,"272":0,"274":0,"275":0,"283":1,"284":0,"288":1}},"/home/travis/build/npmtest/node-npmtest-jsforce/node_modules/jsforce/lib/registry/index.js":{"path":"/home/travis/build/npmtest/node-npmtest-jsforce/node_modules/jsforce/lib/registry/index.js","s":{"1":1,"2":1,"3":1},"b":{},"f":{},"fnMap":{},"statementMap":{"1":{"start":{"line":1,"column":0},"end":{"line":1,"column":33}},"2":{"start":{"line":2,"column":0},"end":{"line":2,"column":46}},"3":{"start":{"line":3,"column":0},"end":{"line":3,"column":38}}},"branchMap":{},"code":["var jsforce = require('../core');","var FileRegistry = require('./file-registry');","jsforce.registry = new FileRegistry();",""],"l":{"1":1,"2":1,"3":1}},"/home/travis/build/npmtest/node-npmtest-jsforce/node_modules/jsforce/lib/registry/file-registry.js":{"path":"/home/travis/build/npmtest/node-npmtest-jsforce/node_modules/jsforce/lib/registry/file-registry.js","s":{"1":1,"2":1,"3":1,"4":1,"5":1,"6":1,"7":1,"8":1,"9":1,"10":0,"11":1,"12":1,"13":1,"14":1,"15":1,"16":1,"17":0,"18":0,"19":0,"20":0,"21":0,"22":0,"23":0,"24":0,"25":0,"26":1},"b":{"1":[1,1],"2":[0,1]},"f":{"1":1,"2":1,"3":0},"fnMap":{"1":{"name":"(anonymous_1)","line":8,"loc":{"start":{"line":8,"column":19},"end":{"line":8,"column":44}}},"2":{"name":"(anonymous_2)","line":22,"loc":{"start":{"line":22,"column":51},"end":{"line":22,"column":62}}},"3":{"name":"(anonymous_3)","line":31,"loc":{"start":{"line":31,"column":37},"end":{"line":31,"column":48}}}},"statementMap":{"1":{"start":{"line":1,"column":0},"end":{"line":1,"column":35}},"2":{"start":{"line":2,"column":0},"end":{"line":2,"column":23}},"3":{"start":{"line":3,"column":0},"end":{"line":3,"column":27}},"4":{"start":{"line":4,"column":0},"end":{"line":4,"column":37}},"5":{"start":{"line":8,"column":0},"end":{"line":15,"column":2}},"6":{"start":{"line":9,"column":2},"end":{"line":9,"column":33}},"7":{"start":{"line":10,"column":2},"end":{"line":10,"column":76}},"8":{"start":{"line":11,"column":2},"end":{"line":14,"column":15}},"9":{"start":{"line":12,"column":4},"end":{"line":12,"column":62}},"10":{"start":{"line":13,"column":4},"end":{"line":13,"column":44}},"11":{"start":{"line":17,"column":0},"end":{"line":17,"column":33}},"12":{"start":{"line":22,"column":0},"end":{"line":26,"column":2}},"13":{"start":{"line":23,"column":2},"end":{"line":23,"column":85}},"14":{"start":{"line":24,"column":2},"end":{"line":24,"column":40}},"15":{"start":{"line":25,"column":2},"end":{"line":25,"column":36}},"16":{"start":{"line":31,"column":0},"end":{"line":43,"column":2}},"17":{"start":{"line":32,"column":2},"end":{"line":32,"column":59}},"18":{"start":{"line":33,"column":2},"end":{"line":42,"column":3}},"19":{"start":{"line":34,"column":4},"end":{"line":34,"column":49}},"20":{"start":{"line":35,"column":4},"end":{"line":35,"column":46}},"21":{"start":{"line":37,"column":4},"end":{"line":37,"column":55}},"22":{"start":{"line":38,"column":4},"end":{"line":38,"column":28}},"23":{"start":{"line":39,"column":4},"end":{"line":39,"column":35}},"24":{"start":{"line":40,"column":4},"end":{"line":40,"column":49}},"25":{"start":{"line":41,"column":4},"end":{"line":41,"column":46}},"26":{"start":{"line":48,"column":0},"end":{"line":48,"column":30}}},"branchMap":{"1":{"line":10,"type":"binary-expr","locations":[{"start":{"line":10,"column":25},"end":{"line":10,"column":39}},{"start":{"line":10,"column":43},"end":{"line":10,"column":75}}]},"2":{"line":23,"type":"cond-expr","locations":[{"start":{"line":23,"column":61},"end":{"line":23,"column":74}},{"start":{"line":23,"column":77},"end":{"line":23,"column":83}}]}},"code":["var inherits = require('inherits');","var fs = require('fs');","var path = require('path');","var Registry = require('./registry');","","/* ------------------------------------------------------------------------- */","","var FileRegistry = function(configFilePath) {","  FileRegistry.super_.call(this);","  this._configFilePath = configFilePath || this._getDefaultConfigFilePath();","  try {","    var data = fs.readFileSync(this._configFilePath, 'utf-8');","    this._registryConfig = JSON.parse(data);","  } catch(e) {}","};","","inherits(FileRegistry, Registry);","","/**"," *"," */","FileRegistry.prototype._getDefaultConfigFilePath = function() {","  var homeDir = process.env[(process.platform === 'win32') ? 'USERPROFILE' : 'HOME'];","  var configDir = homeDir + \"/.jsforce\";","  return configDir + \"/config.json\";","};","","/**"," * @private"," */","FileRegistry.prototype._saveConfig = function() {","  var data = JSON.stringify(this._registryConfig, null, 4);","  try {","    fs.writeFileSync(this._configFilePath, data);","    fs.chmodSync(this._configFilePath, \"600\");","  } catch(e) {","    var configDir = path.dirname(this._configFilePath);","    fs.mkdirSync(configDir);","    fs.chmodSync(configDir, \"700\");","    fs.writeFileSync(this._configFilePath, data);","    fs.chmodSync(this._configFilePath, \"600\");","  }","};","","/**"," *"," */","module.exports = FileRegistry;",""],"l":{"1":1,"2":1,"3":1,"4":1,"8":1,"9":1,"10":1,"11":1,"12":1,"13":0,"17":1,"22":1,"23":1,"24":1,"25":1,"31":1,"32":0,"33":0,"34":0,"35":0,"37":0,"38":0,"39":0,"40":0,"41":0,"48":1}},"/home/travis/build/npmtest/node-npmtest-jsforce/node_modules/jsforce/lib/registry/registry.js":{"path":"/home/travis/build/npmtest/node-npmtest-jsforce/node_modules/jsforce/lib/registry/registry.js","s":{"1":1,"2":1,"3":1,"4":1,"5":1,"6":0,"7":1,"8":0,"9":1,"10":0,"11":1,"12":0,"13":1,"14":0,"15":1,"16":0,"17":0,"18":0,"19":0,"20":0,"21":0,"22":0,"23":0,"24":0,"25":0,"26":1,"27":0,"28":0,"29":0,"30":0,"31":0,"32":0,"33":0,"34":0,"35":0,"36":1,"37":0,"38":0,"39":0,"40":0,"41":0,"42":0,"43":1,"44":0,"45":0,"46":1,"47":0,"48":0,"49":0,"50":1,"51":0,"52":0,"53":1,"54":0,"55":1,"56":0,"57":0,"58":0,"59":1},"b":{"1":[0,0],"2":[0,0],"3":[0,0],"4":[0,0],"5":[0,0],"6":[0,0],"7":[0,0],"8":[0,0],"9":[0,0],"10":[0,0],"11":[0,0]},"f":{"1":1,"2":0,"3":0,"4":0,"5":0,"6":0,"7":0,"8":0,"9":0,"10":0,"11":0,"12":0,"13":0,"14":0},"fnMap":{"1":{"name":"(anonymous_1)","line":13,"loc":{"start":{"line":13,"column":15},"end":{"line":13,"column":40}}},"2":{"name":"(anonymous_2)","line":21,"loc":{"start":{"line":21,"column":33},"end":{"line":21,"column":44}}},"3":{"name":"(anonymous_3)","line":25,"loc":{"start":{"line":25,"column":33},"end":{"line":25,"column":44}}},"4":{"name":"(anonymous_4)","line":29,"loc":{"start":{"line":29,"column":37},"end":{"line":29,"column":48}}},"5":{"name":"(anonymous_5)","line":33,"loc":{"start":{"line":33,"column":40},"end":{"line":33,"column":51}}},"6":{"name":"(anonymous_6)","line":37,"loc":{"start":{"line":37,"column":35},"end":{"line":37,"column":50}}},"7":{"name":"(anonymous_7)","line":41,"loc":{"start":{"line":41,"column":41},"end":{"line":41,"column":56}}},"8":{"name":"(anonymous_8)","line":55,"loc":{"start":{"line":55,"column":42},"end":{"line":55,"column":69}}},"9":{"name":"(anonymous_9)","line":69,"loc":{"start":{"line":69,"column":37},"end":{"line":69,"column":60}}},"10":{"name":"(anonymous_10)","line":81,"loc":{"start":{"line":81,"column":42},"end":{"line":81,"column":57}}},"11":{"name":"(anonymous_11)","line":86,"loc":{"start":{"line":86,"column":44},"end":{"line":86,"column":59}}},"12":{"name":"(anonymous_12)","line":92,"loc":{"start":{"line":92,"column":31},"end":{"line":92,"column":46}}},"13":{"name":"(anonymous_13)","line":97,"loc":{"start":{"line":97,"column":36},"end":{"line":97,"column":47}}},"14":{"name":"(anonymous_14)","line":101,"loc":{"start":{"line":101,"column":36},"end":{"line":101,"column":65}}}},"statementMap":{"1":{"start":{"line":9,"column":0},"end":{"line":9,"column":32}},"2":{"start":{"line":10,"column":0},"end":{"line":10,"column":42}},"3":{"start":{"line":13,"column":0},"end":{"line":15,"column":2}},"4":{"start":{"line":14,"column":2},"end":{"line":14,"column":28}},"5":{"start":{"line":21,"column":0},"end":{"line":23,"column":2}},"6":{"start":{"line":22,"column":2},"end":{"line":22,"column":65}},"7":{"start":{"line":25,"column":0},"end":{"line":27,"column":2}},"8":{"start":{"line":26,"column":2},"end":{"line":26,"column":77}},"9":{"start":{"line":29,"column":0},"end":{"line":31,"column":2}},"10":{"start":{"line":30,"column":2},"end":{"line":30,"column":85}},"11":{"start":{"line":33,"column":0},"end":{"line":35,"column":2}},"12":{"start":{"line":34,"column":2},"end":{"line":34,"column":45}},"13":{"start":{"line":37,"column":0},"end":{"line":39,"column":2}},"14":{"start":{"line":38,"column":2},"end":{"line":38,"column":56}},"15":{"start":{"line":41,"column":0},"end":{"line":53,"column":2}},"16":{"start":{"line":42,"column":2},"end":{"line":42,"column":56}},"17":{"start":{"line":42,"column":15},"end":{"line":42,"column":54}},"18":{"start":{"line":43,"column":2},"end":{"line":43,"column":43}},"19":{"start":{"line":44,"column":2},"end":{"line":44,"column":37}},"20":{"start":{"line":45,"column":2},"end":{"line":51,"column":3}},"21":{"start":{"line":46,"column":4},"end":{"line":46,"column":37}},"22":{"start":{"line":47,"column":4},"end":{"line":49,"column":5}},"23":{"start":{"line":48,"column":6},"end":{"line":48,"column":69}},"24":{"start":{"line":50,"column":4},"end":{"line":50,"column":29}},"25":{"start":{"line":52,"column":2},"end":{"line":52,"column":20}},"26":{"start":{"line":55,"column":0},"end":{"line":67,"column":2}},"27":{"start":{"line":56,"column":2},"end":{"line":56,"column":43}},"28":{"start":{"line":57,"column":2},"end":{"line":57,"column":35}},"29":{"start":{"line":58,"column":2},"end":{"line":64,"column":3}},"30":{"start":{"line":59,"column":4},"end":{"line":59,"column":61}},"31":{"start":{"line":60,"column":4},"end":{"line":62,"column":5}},"32":{"start":{"line":61,"column":6},"end":{"line":61,"column":37}},"33":{"start":{"line":63,"column":4},"end":{"line":63,"column":29}},"34":{"start":{"line":65,"column":2},"end":{"line":65,"column":33}},"35":{"start":{"line":66,"column":2},"end":{"line":66,"column":21}},"36":{"start":{"line":69,"column":0},"end":{"line":79,"column":2}},"37":{"start":{"line":70,"column":2},"end":{"line":70,"column":35}},"38":{"start":{"line":71,"column":2},"end":{"line":77,"column":3}},"39":{"start":{"line":72,"column":4},"end":{"line":72,"column":31}},"40":{"start":{"line":73,"column":4},"end":{"line":76,"column":5}},"41":{"start":{"line":75,"column":6},"end":{"line":75,"column":18}},"42":{"start":{"line":78,"column":2},"end":{"line":78,"column":14}},"43":{"start":{"line":81,"column":0},"end":{"line":84,"column":2}},"44":{"start":{"line":82,"column":2},"end":{"line":82,"column":41}},"45":{"start":{"line":83,"column":2},"end":{"line":83,"column":21}},"46":{"start":{"line":86,"column":0},"end":{"line":90,"column":2}},"47":{"start":{"line":87,"column":2},"end":{"line":87,"column":43}},"48":{"start":{"line":88,"column":2},"end":{"line":88,"column":27}},"49":{"start":{"line":89,"column":2},"end":{"line":89,"column":21}},"50":{"start":{"line":92,"column":0},"end":{"line":95,"column":2}},"51":{"start":{"line":93,"column":2},"end":{"line":93,"column":46}},"52":{"start":{"line":94,"column":2},"end":{"line":94,"column":47}},"53":{"start":{"line":97,"column":0},"end":{"line":99,"column":2}},"54":{"start":{"line":98,"column":2},"end":{"line":98,"column":41}},"55":{"start":{"line":101,"column":0},"end":{"line":105,"column":2}},"56":{"start":{"line":102,"column":2},"end":{"line":102,"column":35}},"57":{"start":{"line":103,"column":2},"end":{"line":103,"column":31}},"58":{"start":{"line":104,"column":2},"end":{"line":104,"column":21}},"59":{"start":{"line":111,"column":0},"end":{"line":111,"column":26}}},"branchMap":{"1":{"line":26,"type":"binary-expr","locations":[{"start":{"line":26,"column":9},"end":{"line":26,"column":37}},{"start":{"line":26,"column":42},"end":{"line":26,"column":75}}]},"2":{"line":30,"type":"binary-expr","locations":[{"start":{"line":30,"column":9},"end":{"line":30,"column":41}},{"start":{"line":30,"column":46},"end":{"line":30,"column":83}}]},"3":{"line":42,"type":"if","locations":[{"start":{"line":42,"column":2},"end":{"line":42,"column":2}},{"start":{"line":42,"column":2},"end":{"line":42,"column":2}}]},"4":{"line":45,"type":"if","locations":[{"start":{"line":45,"column":2},"end":{"line":45,"column":2}},{"start":{"line":45,"column":2},"end":{"line":45,"column":2}}]},"5":{"line":47,"type":"if","locations":[{"start":{"line":47,"column":4},"end":{"line":47,"column":4}},{"start":{"line":47,"column":4},"end":{"line":47,"column":4}}]},"6":{"line":58,"type":"if","locations":[{"start":{"line":58,"column":2},"end":{"line":58,"column":2}},{"start":{"line":58,"column":2},"end":{"line":58,"column":2}}]},"7":{"line":60,"type":"if","locations":[{"start":{"line":60,"column":4},"end":{"line":60,"column":4}},{"start":{"line":60,"column":4},"end":{"line":60,"column":4}}]},"8":{"line":73,"type":"if","locations":[{"start":{"line":73,"column":4},"end":{"line":73,"column":4}},{"start":{"line":73,"column":4},"end":{"line":73,"column":4}}]},"9":{"line":73,"type":"binary-expr","locations":[{"start":{"line":73,"column":8},"end":{"line":73,"column":49}},{"start":{"line":74,"column":8},"end":{"line":74,"column":85}}]},"10":{"line":74,"type":"binary-expr","locations":[{"start":{"line":74,"column":9},"end":{"line":74,"column":24}},{"start":{"line":74,"column":28},"end":{"line":74,"column":58}}]},"11":{"line":94,"type":"binary-expr","locations":[{"start":{"line":94,"column":9},"end":{"line":94,"column":21}},{"start":{"line":94,"column":25},"end":{"line":94,"column":46}}]}},"code":["/*global process */","/**"," * @file Registry for connection information, cached in local file system"," * @author Shinichi Tomita <shinichi.tomita@gmail.com>"," */","","'use strict';","","var _  = require('lodash/core');","var Connection = require('../connection');","","/*  */","var Registry = function(configFilePath) {","  this._registryConfig = {};","};","","/**"," * @private"," * @override"," */","Registry.prototype._saveConfig = function() {","  throw new Error('_saveConfig must be implemented in subclass');","};","","Registry.prototype._getClients = function() {","  return this._registryConfig.clients || (this._registryConfig.clients = {});","};","","Registry.prototype._getConnections = function() {","  return this._registryConfig.connections || (this._registryConfig.connections = {});","};","","Registry.prototype.getConnectionNames = function() {","  return Object.keys(this._getConnections());","};","","Registry.prototype.getConnection = function(name) {","  return new Connection(this.getConnectionConfig(name));","};","","Registry.prototype.getConnectionConfig = function(name) {","  if (!name) { name = this._registryConfig[\"default\"]; }","  var connections = this._getConnections();","  var connConfig = connections[name];","  if (connConfig) {","    connConfig = _.clone(connConfig);","    if (connConfig.client) {","      connConfig.oauth2 = _.clone(this.getClient(connConfig.client));","    }","    delete connConfig.client;","  }","  return connConfig;","};","","Registry.prototype.saveConnectionConfig = function(name, connConfig) {","  var connections = this._getConnections();","  connConfig = _.clone(connConfig);","  if (connConfig.oauth2) {","    var clientName = this._findClientName(connConfig.oauth2);","    if (clientName) {","      connConfig.client = clientName;","    }","    delete connConfig.oauth2;","  }","  connections[name] = connConfig;","  this._saveConfig();","};","","Registry.prototype._findClientName = function(clientConfig) {","  var clients = this._getClients();","  for (var name in clients) {","    var client = clients[name];","    if (client.clientId === clientConfig.clientId &&","        (client.loginUrl || 'https://login.salesforce.com') === clientConfig.loginUrl) {","      return name;","    }","  }","  return null;","};","","Registry.prototype.setDefaultConnection = function(name) {","  this._registryConfig[\"default\"] = name;","  this._saveConfig();","};","","Registry.prototype.removeConnectionConfig = function(name) {","  var connections = this._getConnections();","  delete connections[name];","  this._saveConfig();","};","","Registry.prototype.getClient = function(name) {","  var clientConfig = this._getClients()[name];","  return clientConfig && _.clone(clientConfig);","};","","Registry.prototype.getClientNames = function() {","  return Object.keys(this._getClients());","};","","Registry.prototype.registerClient = function(name, clientConfig) {","  var clients = this._getClients();","  clients[name] = clientConfig;","  this._saveConfig();","};","","","","/* ------------------------------------------------------------------------- */","","module.exports = Registry;",""],"l":{"9":1,"10":1,"13":1,"14":1,"21":1,"22":0,"25":1,"26":0,"29":1,"30":0,"33":1,"34":0,"37":1,"38":0,"41":1,"42":0,"43":0,"44":0,"45":0,"46":0,"47":0,"48":0,"50":0,"52":0,"55":1,"56":0,"57":0,"58":0,"59":0,"60":0,"61":0,"63":0,"65":0,"66":0,"69":1,"70":0,"71":0,"72":0,"73":0,"75":0,"78":0,"81":1,"82":0,"83":0,"86":1,"87":0,"88":0,"89":0,"92":1,"93":0,"94":0,"97":1,"98":0,"101":1,"102":0,"103":0,"104":0,"111":1}},"/home/travis/build/npmtest/node-npmtest-jsforce/node_modules/jsforce/core.js":{"path":"/home/travis/build/npmtest/node-npmtest-jsforce/node_modules/jsforce/core.js","s":{"1":1},"b":{},"f":{},"fnMap":{},"statementMap":{"1":{"start":{"line":1,"column":0},"end":{"line":1,"column":39}}},"branchMap":{},"code":["module.exports = require('./lib/core');",""],"l":{"1":1}}}